IP Generator (Version 2022.2-SP1-Lite build 132640)
Start generating at 2024-11-07 17:19
Instance: tx_ctrl_ram (C:\Users\14861\Desktop\main_card_ddr3_hdmi _11_5\ddr3_ov5640_hdmi\ipcore\tx_ctrl_ram\tx_ctrl_ram.idf)
IP: Pango DRM Based Simple Dual Port RAM (1.6)
Part: Logos-PGL50H-FBG484--6
Create directory 'rtl' ...
Copy 'rtl\ipml_sdpram_v1_6.v.xml' to 'rtl' ...
Compile file 'rtl\ipml_sdpram_v1_6.v.xml' to 'rtl\ipml_sdpram_v1_6_tx_ctrl_ram.v' ...
Copy 'ipml_sdpram_wrapper_v1_6.v.xml' ...
Compile file 'ipml_sdpram_wrapper_v1_6.v.xml' to 'tx_ctrl_ram.v' ...
Found top module 'tx_ctrl_ram' in file 'tx_ctrl_ram.v'.
Copy 'ipml_sdpram_wrapper_v1_3_tb.v.xml' ...
Compile file 'ipml_sdpram_wrapper_v1_3_tb.v.xml' to 'tx_ctrl_ram_tb.v' ...
Copy 'init_param_bin_exmp.dat' ...
Copy 'init_param_hex_exmp.dat' ...
Run file 'createParam.tcl' ...
Create template file 'tx_ctrl_ram_tmpl.v' ...
Create template file 'tx_ctrl_ram_tmpl.vhdl' ...
There are 2 source files to synthesize.
Synthesis is disabled.
Done: 0 error(s), 0 warning(s)
