# vsim -voptargs="+acc" -suppress 12110 work.ipsxe_fft_onboard_top_tb -l vsim.log 
# Start time: 01:34:10 on Nov 03,2024
# ** Note: (vsim-3812) Design is being optimized...
# Loading sv_std.std
# Loading work.ipsxe_fft_onboard_top_tb(fast)
# Loading work.GTP_GRS(fast)
# Loading work.ipsxe_fft_onboard_top(fast)
# Loading work.ipsxe_fft_sync_arstn(fast)
# Loading work.ipsxe_fft_frame_gen(fast)
# Loading work.ipsxb_fft_demo_pp_1024(fast)
# Loading work.ipsxb_fft_drm_sdpram_9k(fast)
# Loading work.ipsxb_fft_drm_sdpram_v1_8_9k(fast)
# Loading work.GTP_DRM9K(fast)
# Loading work.GTP_DRM9K(fast__1)
# Loading work.GTP_APM_E1(fast)
# Loading work.ipsxe_fft_distram_sreg(fast)
# Loading work.ipsxe_fft_distributed_shiftregister_v1_3(fast)
# Loading work.ipsxe_fft_distributed_sdpram_v1_2(fast)
# Loading work.ipsxb_fft_drm_sdpram_9k(fast__1)
# Loading work.ipsxb_fft_drm_sdpram_v1_8_9k(fast__1)
# Loading work.GTP_DRM9K(fast__2)
# Loading work.ipsxe_fft_distram_sreg(fast__1)
# Loading work.ipsxe_fft_distributed_shiftregister_v1_3(fast__1)
# Loading work.ipsxe_fft_distributed_sdpram_v1_2(fast__1)
# Loading work.GTP_APM_E1(fast__1)
# Loading work.GTP_APM_E1(fast__2)
# Loading work.GTP_APM_E1(fast__3)
# Loading work.ipsxe_fft_distram_sreg(fast__2)
# Loading work.ipsxe_fft_distributed_shiftregister_v1_3(fast__2)
# Loading work.ipsxe_fft_distributed_sdpram_v1_2(fast__2)
# Loading work.ipsxe_fft_distram_sreg(fast__3)
# Loading work.ipsxe_fft_distributed_shiftregister_v1_3(fast__3)
# Loading work.ipsxb_fft_drm_sdpram_9k(fast__2)
# Loading work.ipsxb_fft_drm_sdpram_v1_8_9k(fast__2)
# Loading work.GTP_DRM9K(fast__3)
# Loading work.GTP_DRM9K(fast__4)
# Loading work.GTP_APM_E1(fast__4)
# Loading work.ipsxe_fft_distram_sreg(fast__4)
# Loading work.ipsxe_fft_distributed_shiftregister_v1_3(fast__4)
# Loading work.ipsxe_fft_distributed_sdpram_v1_2(fast__3)
# Loading work.GTP_APM_E1(fast__5)
# Loading work.GTP_APM_E1(fast__6)
# Loading work.ipsxe_fft_distram_sreg(fast__5)
# Loading work.ipsxe_fft_distributed_shiftregister_v1_3(fast__5)
# Loading work.ipsxe_fft_distram_sreg(fast__6)
# Loading work.ipsxe_fft_distributed_shiftregister_v1_3(fast__6)
# Loading work.ipsxe_fft_distributed_sdpram_v1_2(fast__4)
# Loading work.ipsxe_fft_distram_sreg(fast__7)
# Loading work.ipsxe_fft_distributed_shiftregister_v1_3(fast__7)
# Loading work.ipsxe_fft_distributed_sdpram_v1_2(fast__5)
# Loading work.ipsxe_fft_distram_sreg(fast__8)
# Loading work.ipsxe_fft_distributed_shiftregister_v1_3(fast__8)
# Loading work.ipsxe_fft_distributed_sdpram_v1_2(fast__6)
# Loading work.ipsxe_fft_distram_sreg(fast__9)
# Loading work.ipsxe_fft_distributed_shiftregister_v1_3(fast__9)
# Loading work.ipsxe_fft_distributed_sdpram_v1_2(fast__7)
# Loading work.ipsxe_fft_distram_sreg(fast__10)
# Loading work.ipsxe_fft_distributed_shiftregister_v1_3(fast__10)
# Loading work.ipsxe_fft_distributed_sdpram_v1_2(fast__8)
# Loading work.ipsxe_fft_distram_sreg(fast__11)
# Loading work.ipsxe_fft_distributed_shiftregister_v1_3(fast__11)
# Loading work.ipsxe_fft_distributed_sdpram_v1_2(fast__9)
# Loading work.ipsxe_fft_distram_sreg(fast__12)
# Loading work.ipsxe_fft_distributed_shiftregister_v1_3(fast__12)
# Loading work.ipsxe_fft_distributed_sdpram_v1_2(fast__10)
# Loading work.ipsxe_fft_distram_sreg(fast__13)
# Loading work.ipsxe_fft_distributed_shiftregister_v1_3(fast__13)
# Loading work.ipsxe_fft_distributed_sdpram_v1_2(fast__11)
# Loading work.ipsxb_fft_drm_sdpram_9k(fast__3)
# Loading work.ipsxb_fft_drm_sdpram_v1_8_9k(fast__3)
# Loading work.GTP_DRM9K(fast__5)
# Loading work.GTP_DRM9K(fast__6)
# Loading work.GTP_DRM9K(fast__7)
# Loading work.GTP_DRM9K(fast__8)
# Loading work.GTP_DRM9K(fast__9)
# Loading work.GTP_DRM9K(fast__10)
# Loading work.ipsxe_fft_frame_chk(fast)
# Loading work.ipsxe_fft_exp_rom(fast)
# Loading work.ipsxe_fft_exp_rom(fast__1)
# IPSpecCheck: 01030102 ipml_flex_sdpram parameter setting error !!!: c_WR_ADDR_WIDTH must between 8-20
# Simulation is successful.
# ** Note: $finish    : ../../example_design/bench/ipsxe_fft_onboard_top_tb.sv(60)
#    Time: 185530 ns  Iteration: 0  Instance: /ipsxe_fft_onboard_top_tb
# 1
# Break in Module ipsxe_fft_onboard_top_tb at ../../example_design/bench/ipsxe_fft_onboard_top_tb.sv line 60
