IP Generator (Version 2022.2-SP1-Lite build 132640)
Start generating at 2024-11-05 21:21
Instance: osd_ram (C:\Users\14861\Desktop\10.29_ws\main_card_ddr3_hdmi _11_4\ddr3_ov5640_hdmi\ipcore\osd_ram\osd_ram.idf)
IP: Pango DRM Based Simple Dual Port RAM (1.6)
Part: Logos-PGL50H-FBG484--6
Create directory 'rtl' ...
Copy 'rtl\ipml_sdpram_v1_6.v.xml' to 'rtl' ...
Compile file 'rtl\ipml_sdpram_v1_6.v.xml' to 'rtl\ipml_sdpram_v1_6_osd_ram.v' ...
Copy 'ipml_sdpram_wrapper_v1_6.v.xml' ...
Compile file 'ipml_sdpram_wrapper_v1_6.v.xml' to 'osd_ram.v' ...
Found top module 'osd_ram' in file 'osd_ram.v'.
Copy 'ipml_sdpram_wrapper_v1_3_tb.v.xml' ...
Compile file 'ipml_sdpram_wrapper_v1_3_tb.v.xml' to 'osd_ram_tb.v' ...
Copy 'init_param_bin_exmp.dat' ...
Copy 'init_param_hex_exmp.dat' ...
Run file 'createParam.tcl' ...
Create template file 'osd_ram_tmpl.v' ...
Create template file 'osd_ram_tmpl.vhdl' ...
There are 2 source files to synthesize.
Synthesis is disabled.
Done: 0 error(s), 0 warning(s)
