IP Generator (Version 2022.2-SP1-Lite build 132640)
Start generating at 2024-11-10 21:54
Instance: dpram1024x8 (C:\Users\14861\Desktop\nwe_11.9ws\test2\HDMI_card\ddr3_ov5640_hdmi\ipcore\dpram1024x8\dpram1024x8.idf)
IP: Pango DRM Based Simple Dual Port RAM (1.6)
Part: Logos-PGL50H-FBG484--6
Create directory 'rtl' ...
Copy 'rtl\ipml_sdpram_v1_6.v.xml' to 'rtl' ...
Compile file 'rtl\ipml_sdpram_v1_6.v.xml' to 'rtl\ipml_sdpram_v1_6_dpram1024x8.v' ...
Copy 'ipml_sdpram_wrapper_v1_6.v.xml' ...
Compile file 'ipml_sdpram_wrapper_v1_6.v.xml' to 'dpram1024x8.v' ...
Found top module 'dpram1024x8' in file 'dpram1024x8.v'.
Copy 'ipml_sdpram_wrapper_v1_3_tb.v.xml' ...
Compile file 'ipml_sdpram_wrapper_v1_3_tb.v.xml' to 'dpram1024x8_tb.v' ...
Copy 'init_param_bin_exmp.dat' ...
Copy 'init_param_hex_exmp.dat' ...
Run file 'createParam.tcl' ...
Create template file 'dpram1024x8_tmpl.v' ...
Create template file 'dpram1024x8_tmpl.vhdl' ...
There are 2 source files to synthesize.
Synthesis is disabled.
Done: 0 error(s), 0 warning(s)
