IP Generator (Version 2022.2-SP1-Lite build 132640)
Start generating at 2024-11-08 17:00
Instance: camera_fifo (C:\Users\14861\Desktop\main_card_ddr3_hdmi _11_5\ddr3_ov5640_hdmi\ipcore\camera_fifo\camera_fifo.idf)
IP: Pango DRM Based FIFO (1.6)
Part: Logos-PGL50H-FBG484--6
Create directory 'rtl' ...
Copy 'rtl\ipml_fifo_ctrl_v1_3.v' to 'rtl' ...
Copy 'rtl\ipml_fifo_v1_6.v.xml' to 'rtl' ...
Copy 'rtl\ipml_prefetch_fifo_v1_6.v.xml' to 'rtl' ...
Copy 'rtl\ipml_reg_fifo_v1_0.v' to 'rtl' ...
Copy 'rtl\ipml_sdpram_v1_6.v.xml' to 'rtl' ...
Compile file 'rtl\ipml_sdpram_v1_6.v.xml' to 'rtl\ipml_sdpram_v1_6_camera_fifo.v' ...
Compile file 'rtl\ipml_fifo_v1_6.v.xml' to 'rtl\ipml_fifo_v1_6_camera_fifo.v' ...
Compile file 'rtl\ipml_prefetch_fifo_v1_6.v.xml' to 'rtl\ipml_prefetch_fifo_v1_6_camera_fifo.v' ...
Copy 'ipml_fifo_wrapper_v1_6.v.xml' ...
Compile file 'ipml_fifo_wrapper_v1_6.v.xml' to 'camera_fifo.v' ...
Found top module 'camera_fifo' in file 'camera_fifo.v'.
Copy 'ipml_prefetch_fifo_wrapper_v1_6.v.xml' ...
Compile file 'ipml_prefetch_fifo_wrapper_v1_6.v.xml' to 'camera_fifo_prefetch.v' ...
Copy 'ipml_fifo_wrapper_v1_3_tb.v.xml' ...
Compile file 'ipml_fifo_wrapper_v1_3_tb.v.xml' to 'camera_fifo_tb.v' ...
Create template file 'camera_fifo_tmpl.v' ...
Create template file 'camera_fifo_tmpl.vhdl' ...
There are 4 source files to synthesize.
Synthesis is disabled.
Done: 0 error(s), 0 warning(s)
