#Build: Fabric Compiler 2022.2-SP1-Lite, Build 132640, Aug 18 15:12 2023
#Install: E:\pango\PDS_2022.2-SP1-Lite\bin
#Application name: pds_shell.exe
#OS: Windows 10 10.0.22631
#Hostname: YLJ
Generated by Fabric Compiler (version 2022.2-SP1-Lite build 132640) at Mon Nov 11 22:18:38 2024
Compiling verification operator library.
Compiling common defs.
Compiling prim grid devices.
Compiling gate devices.
Compiling gate operators.
Building architecture model.
Loading device packaging model.
Reading design from DB.
Start Generating Programming File...
Reading design from DB takes 3.781250 sec.
Generating architecture configuration.
The bitstream file is "C:/Users/14861/Downloads/main_test_1/ddr3_ov5640_hdmi/generate_bitstream/top.sbit"
Generate programming file takes 19.281250 sec.
Generating Programming File done.
Action gen_bit_stream: Real time elapsed is 0h:0m:27s
Action gen_bit_stream: CPU time elapsed is 0h:0m:26s
Action gen_bit_stream: Process CPU time elapsed is 0h:0m:26s
Current time: Mon Nov 11 22:19:03 2024
Action gen_bit_stream: Peak memory pool usage is 1,004 MB
