#Build: Fabric Compiler 2022.2-SP1-Lite, Build 132640, Aug 18 15:12 2023
#Install: E:\pango\PDS_2022.2-SP1-Lite\bin
#Application name: pds_shell.exe
#OS: Windows 10 10.0.22631
#Hostname: YLJ
Generated by Fabric Compiler (version 2022.2-SP1-Lite build 132640) at Tue Nov 12 03:35:17 2024
Compiling verification operator library.
Compiling common defs.
Compiling prim grid devices.
Compiling gate devices.
Compiling gate operators.
Building architecture model.
Loading device packaging model.
Reading design from DB.
Start Generating Programming File...
Reading design from DB takes 3.468750 sec.
Generating architecture configuration.
The bitstream file is "C:/Users/14861/Desktop/11.11/main_test_1/ddr3_ov5640_hdmi/generate_bitstream/top.sbit"
Generate programming file takes 18.046875 sec.
Generating Programming File done.
Action gen_bit_stream: Real time elapsed is 0h:0m:27s
Action gen_bit_stream: CPU time elapsed is 0h:0m:24s
Action gen_bit_stream: Process CPU time elapsed is 0h:0m:24s
Current time: Tue Nov 12 03:35:41 2024
Action gen_bit_stream: Peak memory pool usage is 1,005 MB
