IP Generator (Version 2022.2-SP1-Lite build 132640)
Start generating at 2024-11-10 21:58
Instance: fifo_2048x8 (C:\Users\14861\Desktop\nwe_11.9ws\test2\HDMI_card\ddr3_ov5640_hdmi\ipcore\fifo_2048x8\fifo_2048x8.idf)
IP: Pango DRM Based FIFO (1.6)
Part: Logos-PGL50H-FBG484--6
Create directory 'rtl' ...
Copy 'rtl\ipml_fifo_ctrl_v1_3.v' to 'rtl' ...
Copy 'rtl\ipml_fifo_v1_6.v.xml' to 'rtl' ...
Copy 'rtl\ipml_prefetch_fifo_v1_6.v.xml' to 'rtl' ...
Copy 'rtl\ipml_reg_fifo_v1_0.v' to 'rtl' ...
Copy 'rtl\ipml_sdpram_v1_6.v.xml' to 'rtl' ...
Compile file 'rtl\ipml_sdpram_v1_6.v.xml' to 'rtl\ipml_sdpram_v1_6_fifo_2048x8.v' ...
Compile file 'rtl\ipml_fifo_v1_6.v.xml' to 'rtl\ipml_fifo_v1_6_fifo_2048x8.v' ...
Compile file 'rtl\ipml_prefetch_fifo_v1_6.v.xml' to 'rtl\ipml_prefetch_fifo_v1_6_fifo_2048x8.v' ...
Copy 'ipml_fifo_wrapper_v1_6.v.xml' ...
Compile file 'ipml_fifo_wrapper_v1_6.v.xml' to 'fifo_2048x8.v' ...
Found top module 'fifo_2048x8' in file 'fifo_2048x8.v'.
Copy 'ipml_prefetch_fifo_wrapper_v1_6.v.xml' ...
Compile file 'ipml_prefetch_fifo_wrapper_v1_6.v.xml' to 'fifo_2048x8_prefetch.v' ...
Copy 'ipml_fifo_wrapper_v1_3_tb.v.xml' ...
Compile file 'ipml_fifo_wrapper_v1_3_tb.v.xml' to 'fifo_2048x8_tb.v' ...
Create template file 'fifo_2048x8_tmpl.v' ...
Create template file 'fifo_2048x8_tmpl.vhdl' ...
There are 4 source files to synthesize.
Synthesis is disabled.
Done: 0 error(s), 0 warning(s)
