#Build: Fabric Compiler 2022.2-SP1-Lite, Build 132640, Aug 18 15:12 2023
#Install: E:\pango\PDS_2022.2-SP1-Lite\bin
#Application name: pds_shell.exe
#OS: Windows 10 10.0.22631
#Hostname: YLJ
Generated by Fabric Compiler (version 2022.2-SP1-Lite build 132640) at Tue Nov 12 12:05:33 2024
Compiling verification operator library.
Compiling common defs.
Compiling prim grid devices.
Compiling gate devices.
Compiling gate operators.
Building architecture model.
Loading device packaging model.
Reading design from pnr DB.
Start Report Post-PnR timing.
Constructing timing graph ...
Timing graph has been constructed successfully
C: STA-3003: The timing arc 'L0->Z' of 'gopLUT5' are non_unate, The timing analyser will assume pos_unate for these arcs in clock propgation. Clock: 'sys_clk|adda_pll_m0/u_pll_e3/CLKOUT0_Inferred'  from 'N53/gateop_perm/L0' to: 'N53/gateop_perm/Z'
C: STA-3003: The timing arc 'L0->Z' of 'gopLUT5' are non_unate, The timing analyser will assume pos_unate for these arcs in clock propgation. Clock: 'sys_clk|adda_pll_m0/u_pll_e3/CLKOUT0_Inferred'  from 'N53/gateop_perm/L0' to: 'N53/gateop_perm/Z'
C: STA-3003: The timing arc 'L0->Z' of 'gopLUT5' are non_unate, The timing analyser will assume pos_unate for these arcs in clock propgation. Clock: 'sys_clk|adda_pll_m0/u_pll_e3/CLKOUT0_Inferred'  from 'N53/gateop_perm/L0' to: 'N53/gateop_perm/Z'
C: STA-3003: The timing arc 'L0->Z' of 'gopLUT5' are non_unate, The timing analyser will assume pos_unate for these arcs in clock propgation. Clock: 'sys_clk|adda_pll_m0/u_pll_e3/CLKOUT0_Inferred'  from 'N53/gateop_perm/L0' to: 'N53/gateop_perm/Z'
C: STA-3003: The timing arc 'L0->Z' of 'gopLUT5' are non_unate, The timing analyser will assume pos_unate for these arcs in clock propgation. Clock: 'sys_clk|adda_pll_m0/u_pll_e3/CLKOUT0_Inferred'  from 'N53/gateop_perm/L0' to: 'N53/gateop_perm/Z'
C: STA-3003: The timing arc 'L0->Z' of 'gopLUT5' are non_unate, The timing analyser will assume pos_unate for these arcs in clock propgation. Clock: 'sys_clk|adda_pll_m0/u_pll_e3/CLKOUT0_Inferred'  from 'N53/gateop_perm/L0' to: 'N53/gateop_perm/Z'
C: STA-3003: The timing arc 'L0->Z' of 'gopLUT5' are non_unate, The timing analyser will assume pos_unate for these arcs in clock propgation. Clock: 'sys_clk|adda_pll_m0/u_pll_e3/CLKOUT0_Inferred'  from 'N53/gateop_perm/L0' to: 'N53/gateop_perm/Z'
C: STA-3003: The timing arc 'L0->Z' of 'gopLUT5' are non_unate, The timing analyser will assume pos_unate for these arcs in clock propgation. Clock: 'sys_clk|adda_pll_m0/u_pll_e3/CLKOUT0_Inferred'  from 'N53/gateop_perm/L0' to: 'N53/gateop_perm/Z'
C: STA-3003: The timing arc 'L1->Z' of 'gopLUT5' are non_unate, The timing analyser will assume pos_unate for these arcs in clock propgation. Clock: 'sys_clk|video_pll_m0/u_pll_e3/CLKOUT1_Inferred'  from 'N53/gateop_perm/L1' to: 'N53/gateop_perm/Z'
C: STA-3003: The timing arc 'L1->Z' of 'gopLUT5' are non_unate, The timing analyser will assume pos_unate for these arcs in clock propgation. Clock: 'sys_clk|video_pll_m0/u_pll_e3/CLKOUT1_Inferred'  from 'N53/gateop_perm/L1' to: 'N53/gateop_perm/Z'
C: STA-3003: The timing arc 'L1->Z' of 'gopLUT5' are non_unate, The timing analyser will assume pos_unate for these arcs in clock propgation. Clock: 'sys_clk|video_pll_m0/u_pll_e3/CLKOUT1_Inferred'  from 'N53/gateop_perm/L1' to: 'N53/gateop_perm/Z'
C: STA-3003: The timing arc 'L1->Z' of 'gopLUT5' are non_unate, The timing analyser will assume pos_unate for these arcs in clock propgation. Clock: 'sys_clk|video_pll_m0/u_pll_e3/CLKOUT1_Inferred'  from 'N53/gateop_perm/L1' to: 'N53/gateop_perm/Z'
C: STA-3003: The timing arc 'L1->Z' of 'gopLUT5' are non_unate, The timing analyser will assume pos_unate for these arcs in clock propgation. Clock: 'sys_clk|video_pll_m0/u_pll_e3/CLKOUT1_Inferred'  from 'N53/gateop_perm/L1' to: 'N53/gateop_perm/Z'
C: STA-3003: The timing arc 'L1->Z' of 'gopLUT5' are non_unate, The timing analyser will assume pos_unate for these arcs in clock propgation. Clock: 'sys_clk|video_pll_m0/u_pll_e3/CLKOUT1_Inferred'  from 'N53/gateop_perm/L1' to: 'N53/gateop_perm/Z'
C: STA-3003: The timing arc 'L1->Z' of 'gopLUT5' are non_unate, The timing analyser will assume pos_unate for these arcs in clock propgation. Clock: 'sys_clk|video_pll_m0/u_pll_e3/CLKOUT1_Inferred'  from 'N53/gateop_perm/L1' to: 'N53/gateop_perm/Z'
C: STA-3003: The timing arc 'L1->Z' of 'gopLUT5' are non_unate, The timing analyser will assume pos_unate for these arcs in clock propgation. Clock: 'sys_clk|video_pll_m0/u_pll_e3/CLKOUT1_Inferred'  from 'N53/gateop_perm/L1' to: 'N53/gateop_perm/Z'
W: STA-3011: Clock pin 'Height_show[2]/opit_0_L5Q_perm/CLK' (gopL5Q.CLK) has no clock, timing propagation is disabled at the pin.
W: STA-3011: Clock pin 'Height_show[3]/opit_0_L5Q_perm/CLK' (gopL5Q.CLK) has no clock, timing propagation is disabled at the pin.
W: STA-3011: Clock pin 'Height_show[5]/opit_0_L5Q_perm/CLK' (gopL5Q.CLK) has no clock, timing propagation is disabled at the pin.
W: STA-3011: Clock pin 'Height_show[6]/opit_0_L5Q_perm/CLK' (gopL5Q.CLK) has no clock, timing propagation is disabled at the pin.
W: STA-3011: Clock pin 'Height_show[8]/opit_0_L5Q_perm/CLK' (gopL5Q.CLK) has no clock, timing propagation is disabled at the pin.
W: STA-3011: Clock pin 'Height_show[9]/opit_0_L5Q_perm/CLK' (gopL5Q.CLK) has no clock, timing propagation is disabled at the pin.
W: STA-3011: Clock pin 'Height_show[10]/opit_0_L5Q_perm/CLK' (gopL5Q.CLK) has no clock, timing propagation is disabled at the pin.
W: STA-3011: Clock pin 'Width_show[7]/opit_0_L5Q_perm/CLK' (gopL5Q.CLK) has no clock, timing propagation is disabled at the pin.
W: STA-3011: Clock pin 'Width_show[10]/opit_0_L5Q_perm/CLK' (gopL5Q.CLK) has no clock, timing propagation is disabled at the pin.
W: STA-3011: Clock pin 'brightness_ctr_1[0]/opit_0/CLK' (gopQ.CLK) has no clock, timing propagation is disabled at the pin.
W: STA-3011: Clock pin 'brightness_ctr_1[1]/opit_0/CLK' (gopQ.CLK) has no clock, timing propagation is disabled at the pin.
W: STA-3011: Clock pin 'brightness_ctr_1[2]/opit_0/CLK' (gopQ.CLK) has no clock, timing propagation is disabled at the pin.
W: STA-3011: Clock pin 'brightness_ctr_1[3]/opit_0/CLK' (gopQ.CLK) has no clock, timing propagation is disabled at the pin.
W: STA-3011: Clock pin 'brightness_ctr_1[4]/opit_0/CLK' (gopQ.CLK) has no clock, timing propagation is disabled at the pin.
W: STA-3011: Clock pin 'brightness_ctr_1[5]/opit_0/CLK' (gopQ.CLK) has no clock, timing propagation is disabled at the pin.
W: STA-3011: Clock pin 'brightness_ctr_1[6]/opit_0/CLK' (gopQ.CLK) has no clock, timing propagation is disabled at the pin.
W: STA-3011: Clock pin 'brightness_ctr_1[7]/opit_0/CLK' (gopQ.CLK) has no clock, timing propagation is disabled at the pin.
W: STA-3011: Clock pin 'height_m1[2]/opit_0_L5Q_perm/CLK' (gopL5Q.CLK) has no clock, timing propagation is disabled at the pin.
W: STA-3011: Clock pin 'height_m1[3]/opit_0_L5Q_perm/CLK' (gopL5Q.CLK) has no clock, timing propagation is disabled at the pin.
W: STA-3011: Clock pin 'height_m1[5]/opit_0_L5Q_perm/CLK' (gopL5Q.CLK) has no clock, timing propagation is disabled at the pin.
W: STA-3011: Clock pin 'height_m1[6]/opit_0_L5Q_perm/CLK' (gopL5Q.CLK) has no clock, timing propagation is disabled at the pin.
W: STA-3011: Clock pin 'height_m1[8]/opit_0_L5Q_perm/CLK' (gopL5Q.CLK) has no clock, timing propagation is disabled at the pin.
W: STA-3011: Clock pin 'height_m1[9]/opit_0_L5Q_perm/CLK' (gopL5Q.CLK) has no clock, timing propagation is disabled at the pin.
W: STA-3011: Clock pin 'height_m1[10]/opit_0_L5Q_perm/CLK' (gopL5Q.CLK) has no clock, timing propagation is disabled at the pin.
W: STA-3011: Clock pin 'height_m2[2]/opit_0_L5Q_perm/CLK' (gopL5Q.CLK) has no clock, timing propagation is disabled at the pin.
W: STA-3011: Clock pin 'height_m2[3]/opit_0_L5Q_perm/CLK' (gopL5Q.CLK) has no clock, timing propagation is disabled at the pin.
W: STA-3011: Clock pin 'height_m2[5]/opit_0_L5Q_perm/CLK' (gopL5Q.CLK) has no clock, timing propagation is disabled at the pin.
W: STA-3011: Clock pin 'height_m2[6]/opit_0_L5Q_perm/CLK' (gopL5Q.CLK) has no clock, timing propagation is disabled at the pin.
W: STA-3011: Clock pin 'height_m2[8]/opit_0_L5Q_perm/CLK' (gopL5Q.CLK) has no clock, timing propagation is disabled at the pin.
W: STA-3011: Clock pin 'height_m2[9]/opit_0_L5Q_perm/CLK' (gopL5Q.CLK) has no clock, timing propagation is disabled at the pin.
W: STA-3011: Clock pin 'height_m2[10]/opit_0_L5Q_perm/CLK' (gopL5Q.CLK) has no clock, timing propagation is disabled at the pin.
W: STA-3011: Clock pin 'height_m3[2]/opit_0_L5Q_perm/CLK' (gopL5Q.CLK) has no clock, timing propagation is disabled at the pin.
W: STA-3011: Clock pin 'height_m3[3]/opit_0_L5Q_perm/CLK' (gopL5Q.CLK) has no clock, timing propagation is disabled at the pin.
W: STA-3011: Clock pin 'height_m3[5]/opit_0_L5Q_perm/CLK' (gopL5Q.CLK) has no clock, timing propagation is disabled at the pin.
W: STA-3011: Clock pin 'height_m3[6]/opit_0_L5Q_perm/CLK' (gopL5Q.CLK) has no clock, timing propagation is disabled at the pin.
W: STA-3011: Clock pin 'height_m3[8]/opit_0_L5Q_perm/CLK' (gopL5Q.CLK) has no clock, timing propagation is disabled at the pin.
W: STA-3011: Clock pin 'height_m3[9]/opit_0_L5Q_perm/CLK' (gopL5Q.CLK) has no clock, timing propagation is disabled at the pin.
W: STA-3011: Clock pin 'height_m3[10]/opit_0_L5Q_perm/CLK' (gopL5Q.CLK) has no clock, timing propagation is disabled at the pin.
W: STA-3011: Clock pin 'hue_ctr_1[0]/opit_0/CLK' (gopQ.CLK) has no clock, timing propagation is disabled at the pin.
W: STA-3011: Clock pin 'hue_ctr_1[1]/opit_0/CLK' (gopQ.CLK) has no clock, timing propagation is disabled at the pin.
W: STA-3011: Clock pin 'hue_ctr_1[2]/opit_0/CLK' (gopQ.CLK) has no clock, timing propagation is disabled at the pin.
W: STA-3011: Clock pin 'hue_ctr_1[3]/opit_0/CLK' (gopQ.CLK) has no clock, timing propagation is disabled at the pin.
W: STA-3011: Clock pin 'hue_ctr_1[4]/opit_0/CLK' (gopQ.CLK) has no clock, timing propagation is disabled at the pin.
W: STA-3011: Clock pin 'hue_ctr_1[5]/opit_0/CLK' (gopQ.CLK) has no clock, timing propagation is disabled at the pin.
W: STA-3011: Clock pin 'hue_ctr_1[6]/opit_0/CLK' (gopQ.CLK) has no clock, timing propagation is disabled at the pin.
W: STA-3011: Clock pin 'hue_ctr_1[7]/opit_0/CLK' (gopQ.CLK) has no clock, timing propagation is disabled at the pin.
W: STA-3011: Clock pin 'the_instance_name/U_GTP_HSST_WRAPPER/U_GTP_HSST/hsst/RX2_CLK_FR_CORE' (gopHSST.RX2_CLK_FR_CORE) has no clock, timing propagation is disabled at the pin.
W: STA-3011: Clock pin 'the_instance_name/U_GTP_HSST_WRAPPER/U_GTP_HSST/hsst/RX3_CLK_FR_CORE' (gopHSST.RX3_CLK_FR_CORE) has no clock, timing propagation is disabled at the pin.
W: STA-3011: Clock pin 'the_instance_name/U_GTP_HSST_WRAPPER/U_GTP_HSST/hsst/TX2_CLK_FR_CORE' (gopHSST.TX2_CLK_FR_CORE) has no clock, timing propagation is disabled at the pin.
W: STA-3011: Clock pin 'the_instance_name/U_GTP_HSST_WRAPPER/U_GTP_HSST/hsst/TX3_CLK_FR_CORE' (gopHSST.TX3_CLK_FR_CORE) has no clock, timing propagation is disabled at the pin.
W: STA-3011: Clock pin 'update_flag[0]/opit_0_L5Q_perm/CLK' (gopL5Q.CLK) has no clock, timing propagation is disabled at the pin.
W: STA-3011: Clock pin 'update_flag[1]/opit_0/CLK' (gopQ.CLK) has no clock, timing propagation is disabled at the pin.
W: STA-3011: Clock pin 'video_packet_send_m0/afifo_4096_16i_32o_m0/U_ipml_fifo_afifo_4096_16i_32o/U_ipml_fifo_ctrl/ASYN_CTRL.asyn_rempty/opit_0_A2Q1/CLK' (gopA2Q1.CLK) has no clock, timing propagation is disabled at the pin.
W: STA-3011: Clock pin 'video_packet_send_m0/afifo_4096_16i_32o_m0/U_ipml_fifo_afifo_4096_16i_32o/U_ipml_fifo_ctrl/ASYN_CTRL.rbin[1]/opit_0_inv_A2Q21/CLK' (gopA2Q2.CLK) has no clock, timing propagation is disabled at the pin.
W: STA-3011: Clock pin 'video_packet_send_m0/afifo_4096_16i_32o_m0/U_ipml_fifo_afifo_4096_16i_32o/U_ipml_fifo_ctrl/ASYN_CTRL.rbin[3]/opit_0_inv_A2Q21/CLK' (gopA2Q2.CLK) has no clock, timing propagation is disabled at the pin.
W: STA-3011: Clock pin 'video_packet_send_m0/afifo_4096_16i_32o_m0/U_ipml_fifo_afifo_4096_16i_32o/U_ipml_fifo_ctrl/ASYN_CTRL.rbin[5]/opit_0_inv_A2Q21/CLK' (gopA2Q2.CLK) has no clock, timing propagation is disabled at the pin.
W: STA-3011: Clock pin 'video_packet_send_m0/afifo_4096_16i_32o_m0/U_ipml_fifo_afifo_4096_16i_32o/U_ipml_fifo_ctrl/ASYN_CTRL.rbin[7]/opit_0_inv_A2Q21/CLK' (gopA2Q2.CLK) has no clock, timing propagation is disabled at the pin.
W: STA-3011: Clock pin 'video_packet_send_m0/afifo_4096_16i_32o_m0/U_ipml_fifo_afifo_4096_16i_32o/U_ipml_fifo_ctrl/ASYN_CTRL.rbin[9]/opit_0_inv_A2Q21/CLK' (gopA2Q2.CLK) has no clock, timing propagation is disabled at the pin.
W: STA-3011: Clock pin 'video_packet_send_m0/afifo_4096_16i_32o_m0/U_ipml_fifo_afifo_4096_16i_32o/U_ipml_fifo_ctrl/ASYN_CTRL.rbin[11]/opit_0_inv_A2Q21/CLK' (gopA2Q2.CLK) has no clock, timing propagation is disabled at the pin.
W: STA-3011: Clock pin 'video_packet_send_m0/afifo_4096_16i_32o_m0/U_ipml_fifo_afifo_4096_16i_32o/U_ipml_fifo_ctrl/ASYN_CTRL.rptr[0]/opit_0_L5Q_perm/CLK' (gopL5Q.CLK) has no clock, timing propagation is disabled at the pin.
W: STA-3011: Clock pin 'video_packet_send_m0/afifo_4096_16i_32o_m0/U_ipml_fifo_afifo_4096_16i_32o/U_ipml_fifo_ctrl/ASYN_CTRL.rptr[1]/opit_0_L5Q_perm/CLK' (gopL5Q.CLK) has no clock, timing propagation is disabled at the pin.
W: STA-3011: Clock pin 'video_packet_send_m0/afifo_4096_16i_32o_m0/U_ipml_fifo_afifo_4096_16i_32o/U_ipml_fifo_ctrl/ASYN_CTRL.rptr[2]/opit_0_L5Q_perm/CLK' (gopL5Q.CLK) has no clock, timing propagation is disabled at the pin.
W: STA-3011: Clock pin 'video_packet_send_m0/afifo_4096_16i_32o_m0/U_ipml_fifo_afifo_4096_16i_32o/U_ipml_fifo_ctrl/ASYN_CTRL.rptr[3]/opit_0_L5Q_perm/CLK' (gopL5Q.CLK) has no clock, timing propagation is disabled at the pin.
W: STA-3011: Clock pin 'video_packet_send_m0/afifo_4096_16i_32o_m0/U_ipml_fifo_afifo_4096_16i_32o/U_ipml_fifo_ctrl/ASYN_CTRL.rptr[4]/opit_0_L5Q_perm/CLK' (gopL5Q.CLK) has no clock, timing propagation is disabled at the pin.
W: STA-3011: Clock pin 'video_packet_send_m0/afifo_4096_16i_32o_m0/U_ipml_fifo_afifo_4096_16i_32o/U_ipml_fifo_ctrl/ASYN_CTRL.rptr[5]/opit_0_L5Q_perm/CLK' (gopL5Q.CLK) has no clock, timing propagation is disabled at the pin.
W: STA-3011: Clock pin 'video_packet_send_m0/afifo_4096_16i_32o_m0/U_ipml_fifo_afifo_4096_16i_32o/U_ipml_fifo_ctrl/ASYN_CTRL.rptr[6]/opit_0_L5Q_perm/CLK' (gopL5Q.CLK) has no clock, timing propagation is disabled at the pin.
W: STA-3011: Clock pin 'video_packet_send_m0/afifo_4096_16i_32o_m0/U_ipml_fifo_afifo_4096_16i_32o/U_ipml_fifo_ctrl/ASYN_CTRL.rptr[7]/opit_0_L5Q_perm/CLK' (gopL5Q.CLK) has no clock, timing propagation is disabled at the pin.
W: STA-3011: Clock pin 'video_packet_send_m0/afifo_4096_16i_32o_m0/U_ipml_fifo_afifo_4096_16i_32o/U_ipml_fifo_ctrl/ASYN_CTRL.rptr[8]/opit_0_L5Q_perm/CLK' (gopL5Q.CLK) has no clock, timing propagation is disabled at the pin.
W: STA-3011: Clock pin 'video_packet_send_m0/afifo_4096_16i_32o_m0/U_ipml_fifo_afifo_4096_16i_32o/U_ipml_fifo_ctrl/ASYN_CTRL.rptr[9]/opit_0_L5Q_perm/CLK' (gopL5Q.CLK) has no clock, timing propagation is disabled at the pin.
W: STA-3011: Clock pin 'video_packet_send_m0/afifo_4096_16i_32o_m0/U_ipml_fifo_afifo_4096_16i_32o/U_ipml_fifo_ctrl/ASYN_CTRL.rptr[10]/opit_0_L5Q_perm/CLK' (gopL5Q.CLK) has no clock, timing propagation is disabled at the pin.
W: STA-3011: Clock pin 'video_packet_send_m0/afifo_4096_16i_32o_m0/U_ipml_fifo_afifo_4096_16i_32o/U_ipml_fifo_ctrl/ASYN_CTRL.rptr[11]/opit_0_L5Q_perm/CLK' (gopL5Q.CLK) has no clock, timing propagation is disabled at the pin.
W: STA-3011: Clock pin 'video_packet_send_m0/afifo_4096_16i_32o_m0/U_ipml_fifo_afifo_4096_16i_32o/U_ipml_fifo_ctrl/ASYN_CTRL.rwptr1[1]/opit_0/CLK' (gopQ.CLK) has no clock, timing propagation is disabled at the pin.
W: STA-3011: Clock pin 'video_packet_send_m0/afifo_4096_16i_32o_m0/U_ipml_fifo_afifo_4096_16i_32o/U_ipml_fifo_ctrl/ASYN_CTRL.rwptr1[2]/opit_0/CLK' (gopQ.CLK) has no clock, timing propagation is disabled at the pin.
W: STA-3011: Clock pin 'video_packet_send_m0/afifo_4096_16i_32o_m0/U_ipml_fifo_afifo_4096_16i_32o/U_ipml_fifo_ctrl/ASYN_CTRL.rwptr1[3]/opit_0/CLK' (gopQ.CLK) has no clock, timing propagation is disabled at the pin.
W: STA-3011: Clock pin 'video_packet_send_m0/afifo_4096_16i_32o_m0/U_ipml_fifo_afifo_4096_16i_32o/U_ipml_fifo_ctrl/ASYN_CTRL.rwptr1[4]/opit_0/CLK' (gopQ.CLK) has no clock, timing propagation is disabled at the pin.
W: STA-3011: Clock pin 'video_packet_send_m0/afifo_4096_16i_32o_m0/U_ipml_fifo_afifo_4096_16i_32o/U_ipml_fifo_ctrl/ASYN_CTRL.rwptr1[5]/opit_0/CLK' (gopQ.CLK) has no clock, timing propagation is disabled at the pin.
W: STA-3011: Clock pin 'video_packet_send_m0/afifo_4096_16i_32o_m0/U_ipml_fifo_afifo_4096_16i_32o/U_ipml_fifo_ctrl/ASYN_CTRL.rwptr1[6]/opit_0/CLK' (gopQ.CLK) has no clock, timing propagation is disabled at the pin.
W: STA-3011: Clock pin 'video_packet_send_m0/afifo_4096_16i_32o_m0/U_ipml_fifo_afifo_4096_16i_32o/U_ipml_fifo_ctrl/ASYN_CTRL.rwptr1[7]/opit_0/CLK' (gopQ.CLK) has no clock, timing propagation is disabled at the pin.
W: STA-3011: Clock pin 'video_packet_send_m0/afifo_4096_16i_32o_m0/U_ipml_fifo_afifo_4096_16i_32o/U_ipml_fifo_ctrl/ASYN_CTRL.rwptr1[8]/opit_0/CLK' (gopQ.CLK) has no clock, timing propagation is disabled at the pin.
W: STA-3011: Clock pin 'video_packet_send_m0/afifo_4096_16i_32o_m0/U_ipml_fifo_afifo_4096_16i_32o/U_ipml_fifo_ctrl/ASYN_CTRL.rwptr1[9]/opit_0/CLK' (gopQ.CLK) has no clock, timing propagation is disabled at the pin.
W: STA-3011: Clock pin 'video_packet_send_m0/afifo_4096_16i_32o_m0/U_ipml_fifo_afifo_4096_16i_32o/U_ipml_fifo_ctrl/ASYN_CTRL.rwptr1[10]/opit_0/CLK' (gopQ.CLK) has no clock, timing propagation is disabled at the pin.
W: STA-3011: Clock pin 'video_packet_send_m0/afifo_4096_16i_32o_m0/U_ipml_fifo_afifo_4096_16i_32o/U_ipml_fifo_ctrl/ASYN_CTRL.rwptr1[11]/opit_0/CLK' (gopQ.CLK) has no clock, timing propagation is disabled at the pin.
W: STA-3011: Clock pin 'video_packet_send_m0/afifo_4096_16i_32o_m0/U_ipml_fifo_afifo_4096_16i_32o/U_ipml_fifo_ctrl/ASYN_CTRL.rwptr1[12]/opit_0/CLK' (gopQ.CLK) has no clock, timing propagation is disabled at the pin.
W: STA-3011: Clock pin 'video_packet_send_m0/afifo_4096_16i_32o_m0/U_ipml_fifo_afifo_4096_16i_32o/U_ipml_fifo_ctrl/rd_water_level[7]/opit_0_A2Q21/CLK' (gopA2Q2.CLK) has no clock, timing propagation is disabled at the pin.
W: STA-3011: Clock pin 'video_packet_send_m0/afifo_4096_16i_32o_m0/U_ipml_fifo_afifo_4096_16i_32o/U_ipml_fifo_ctrl/rd_water_level[9]/opit_0_A2Q21/CLK' (gopA2Q2.CLK) has no clock, timing propagation is disabled at the pin.
W: STA-3011: Clock pin 'video_packet_send_m0/afifo_4096_16i_32o_m0/U_ipml_fifo_afifo_4096_16i_32o/U_ipml_fifo_ctrl/rd_water_level[10]/opit_0_AQ_perm/CLK' (gopAQ.CLK) has no clock, timing propagation is disabled at the pin.
W: STA-3011: Clock pin 'video_packet_send_m0/afifo_4096_16i_32o_m0/U_ipml_fifo_afifo_4096_16i_32o/U_ipml_fifo_ctrl/rwptr2[1]/opit_0/CLK' (gopQ.CLK) has no clock, timing propagation is disabled at the pin.
W: STA-3011: Clock pin 'video_packet_send_m0/afifo_4096_16i_32o_m0/U_ipml_fifo_afifo_4096_16i_32o/U_ipml_fifo_ctrl/rwptr2[2]/opit_0/CLK' (gopQ.CLK) has no clock, timing propagation is disabled at the pin.
W: STA-3011: Clock pin 'video_packet_send_m0/afifo_4096_16i_32o_m0/U_ipml_fifo_afifo_4096_16i_32o/U_ipml_fifo_ctrl/rwptr2[3]/opit_0/CLK' (gopQ.CLK) has no clock, timing propagation is disabled at the pin.
W: STA-3011: Clock pin 'video_packet_send_m0/afifo_4096_16i_32o_m0/U_ipml_fifo_afifo_4096_16i_32o/U_ipml_fifo_ctrl/rwptr2[4]/opit_0/CLK' (gopQ.CLK) has no clock, timing propagation is disabled at the pin.
W: STA-3011: Clock pin 'video_packet_send_m0/afifo_4096_16i_32o_m0/U_ipml_fifo_afifo_4096_16i_32o/U_ipml_fifo_ctrl/rwptr2[5]/opit_0/CLK' (gopQ.CLK) has no clock, timing propagation is disabled at the pin.
W: STA-3011: Clock pin 'video_packet_send_m0/afifo_4096_16i_32o_m0/U_ipml_fifo_afifo_4096_16i_32o/U_ipml_fifo_ctrl/rwptr2[6]/opit_0/CLK' (gopQ.CLK) has no clock, timing propagation is disabled at the pin.
W: STA-3011: Clock pin 'video_packet_send_m0/afifo_4096_16i_32o_m0/U_ipml_fifo_afifo_4096_16i_32o/U_ipml_fifo_ctrl/rwptr2[7]/opit_0/CLK' (gopQ.CLK) has no clock, timing propagation is disabled at the pin.
W: STA-3011: Clock pin 'video_packet_send_m0/afifo_4096_16i_32o_m0/U_ipml_fifo_afifo_4096_16i_32o/U_ipml_fifo_ctrl/rwptr2[8]/opit_0/CLK' (gopQ.CLK) has no clock, timing propagation is disabled at the pin.
W: STA-3011: Clock pin 'video_packet_send_m0/afifo_4096_16i_32o_m0/U_ipml_fifo_afifo_4096_16i_32o/U_ipml_fifo_ctrl/rwptr2[9]/opit_0/CLK' (gopQ.CLK) has no clock, timing propagation is disabled at the pin.
W: STA-3011: Clock pin 'video_packet_send_m0/afifo_4096_16i_32o_m0/U_ipml_fifo_afifo_4096_16i_32o/U_ipml_fifo_ctrl/rwptr2[10]/opit_0/CLK' (gopQ.CLK) has no clock, timing propagation is disabled at the pin.
W: STA-3011: Clock pin 'video_packet_send_m0/afifo_4096_16i_32o_m0/U_ipml_fifo_afifo_4096_16i_32o/U_ipml_fifo_ctrl/rwptr2[11]/opit_0/CLK' (gopQ.CLK) has no clock, timing propagation is disabled at the pin.
W: STA-3011: Clock pin 'video_packet_send_m0/afifo_4096_16i_32o_m0/U_ipml_fifo_afifo_4096_16i_32o/U_ipml_fifo_ctrl/rwptr2[12]/opit_0/CLK' (gopQ.CLK) has no clock, timing propagation is disabled at the pin.
W: STA-3011: Clock pin 'video_packet_send_m0/afifo_4096_16i_32o_m0/U_ipml_fifo_afifo_4096_16i_32o/U_ipml_sdpram/ADDR_LOOP[0].DATA_LOOP[0].U_GTP_DRM18K/iGopDrm/CLKB[0]' (gopDRM.CLKB[0]) has no clock, timing propagation is disabled at the pin.
W: STA-3011: Clock pin 'video_packet_send_m0/afifo_4096_16i_32o_m0/U_ipml_fifo_afifo_4096_16i_32o/U_ipml_sdpram/ADDR_LOOP[0].DATA_LOOP[1].U_GTP_DRM18K/iGopDrm/CLKB[0]' (gopDRM.CLKB[0]) has no clock, timing propagation is disabled at the pin.
W: STA-3011: Clock pin 'video_packet_send_m0/afifo_4096_16i_32o_m0/U_ipml_fifo_afifo_4096_16i_32o/U_ipml_sdpram/ADDR_LOOP[0].DATA_LOOP[2].U_GTP_DRM18K/iGopDrm/CLKB[0]' (gopDRM.CLKB[0]) has no clock, timing propagation is disabled at the pin.
W: STA-3011: Clock pin 'video_packet_send_m0/afifo_4096_16i_32o_m0/U_ipml_fifo_afifo_4096_16i_32o/U_ipml_sdpram/ADDR_LOOP[0].DATA_LOOP[3].U_GTP_DRM18K/iGopDrm/CLKB[0]' (gopDRM.CLKB[0]) has no clock, timing propagation is disabled at the pin.
W: STA-3011: Clock pin 'video_packet_send_m0/buffer_rd_en/opit_0_inv_MUX4TO1Q/CLK' (gopMUX4TO1Q.CLK) has no clock, timing propagation is disabled at the pin.
W: STA-3011: Clock pin 'video_packet_send_m0/data_cnt[0]/opit_0_inv_L5Q_perm/CLK' (gopL5Q.CLK) has no clock, timing propagation is disabled at the pin.
W: STA-3011: Clock pin 'video_packet_send_m0/data_cnt[2]/opit_0_inv_A2Q21/CLK' (gopA2Q2.CLK) has no clock, timing propagation is disabled at the pin.
W: STA-3011: Clock pin 'video_packet_send_m0/data_cnt[4]/opit_0_inv_A2Q21/CLK' (gopA2Q2.CLK) has no clock, timing propagation is disabled at the pin.
W: STA-3011: Clock pin 'video_packet_send_m0/data_cnt[6]/opit_0_inv_A2Q21/CLK' (gopA2Q2.CLK) has no clock, timing propagation is disabled at the pin.
W: STA-3011: Clock pin 'video_packet_send_m0/data_cnt[8]/opit_0_inv_A2Q21/CLK' (gopA2Q2.CLK) has no clock, timing propagation is disabled at the pin.
W: STA-3011: Clock pin 'video_packet_send_m0/data_cnt[10]/opit_0_inv_A2Q21/CLK' (gopA2Q2.CLK) has no clock, timing propagation is disabled at the pin.
W: STA-3011: Clock pin 'video_packet_send_m0/data_cnt[12]/opit_0_inv_A2Q21/CLK' (gopA2Q2.CLK) has no clock, timing propagation is disabled at the pin.
W: STA-3011: Clock pin 'video_packet_send_m0/data_cnt[14]/opit_0_inv_A2Q21/CLK' (gopA2Q2.CLK) has no clock, timing propagation is disabled at the pin.
W: STA-3011: Clock pin 'video_packet_send_m0/data_cnt[15]/opit_0_inv_AQ_perm/CLK' (gopAQ.CLK) has no clock, timing propagation is disabled at the pin.
W: STA-3011: Clock pin 'video_packet_send_m0/gt_tx_ctrl[0]/opit_0_inv_L5Q_perm/CLK' (gopL5Q.CLK) has no clock, timing propagation is disabled at the pin.
W: STA-3011: Clock pin 'video_packet_send_m0/gt_tx_ctrl[3]/opit_0_inv/CLK' (gopQ.CLK) has no clock, timing propagation is disabled at the pin.
W: STA-3011: Clock pin 'video_packet_send_m0/gt_tx_data[0]/opit_0_inv_L5Q/CLK' (gopL5Q.CLK) has no clock, timing propagation is disabled at the pin.
W: STA-3011: Clock pin 'video_packet_send_m0/gt_tx_data[1]/opit_0_inv_L5Q_perm/CLK' (gopL5Q.CLK) has no clock, timing propagation is disabled at the pin.
W: STA-3011: Clock pin 'video_packet_send_m0/gt_tx_data[2]/opit_0_inv_L5Q_perm/CLK' (gopL5Q.CLK) has no clock, timing propagation is disabled at the pin.
W: STA-3011: Clock pin 'video_packet_send_m0/gt_tx_data[3]/opit_0_inv_L5Q_perm/CLK' (gopL5Q.CLK) has no clock, timing propagation is disabled at the pin.
W: STA-3011: Clock pin 'video_packet_send_m0/gt_tx_data[4]/opit_0_inv_L5Q_perm/CLK' (gopL5Q.CLK) has no clock, timing propagation is disabled at the pin.
W: STA-3011: Clock pin 'video_packet_send_m0/gt_tx_data[5]/opit_0_inv_L5Q_perm/CLK' (gopL5Q.CLK) has no clock, timing propagation is disabled at the pin.
W: STA-3011: Clock pin 'video_packet_send_m0/gt_tx_data[6]/opit_0_inv_L5Q_perm/CLK' (gopL5Q.CLK) has no clock, timing propagation is disabled at the pin.
W: STA-3011: Clock pin 'video_packet_send_m0/gt_tx_data[7]/opit_0_inv_L5Q_perm/CLK' (gopL5Q.CLK) has no clock, timing propagation is disabled at the pin.
W: STA-3011: Clock pin 'video_packet_send_m0/gt_tx_data[8]/opit_0_inv_L5Q_perm/CLK' (gopL5Q.CLK) has no clock, timing propagation is disabled at the pin.
W: STA-3011: Clock pin 'video_packet_send_m0/gt_tx_data[9]/opit_0_inv_L5Q_perm/CLK' (gopL5Q.CLK) has no clock, timing propagation is disabled at the pin.
W: STA-3011: Clock pin 'video_packet_send_m0/gt_tx_data[10]/opit_0_inv_L5Q_perm/CLK' (gopL5Q.CLK) has no clock, timing propagation is disabled at the pin.
W: STA-3011: Clock pin 'video_packet_send_m0/gt_tx_data[11]/opit_0_inv_L5Q_perm/CLK' (gopL5Q.CLK) has no clock, timing propagation is disabled at the pin.
W: STA-3011: Clock pin 'video_packet_send_m0/gt_tx_data[12]/opit_0_inv_L5Q_perm/CLK' (gopL5Q.CLK) has no clock, timing propagation is disabled at the pin.
W: STA-3011: Clock pin 'video_packet_send_m0/gt_tx_data[13]/opit_0_inv_L5Q_perm/CLK' (gopL5Q.CLK) has no clock, timing propagation is disabled at the pin.
W: STA-3011: Clock pin 'video_packet_send_m0/gt_tx_data[14]/opit_0_inv_L5Q_perm/CLK' (gopL5Q.CLK) has no clock, timing propagation is disabled at the pin.
W: STA-3011: Clock pin 'video_packet_send_m0/gt_tx_data[15]/opit_0_inv_L5Q_perm/CLK' (gopL5Q.CLK) has no clock, timing propagation is disabled at the pin.
W: STA-3011: Clock pin 'video_packet_send_m0/gt_tx_data[16]/opit_0_inv_L5Q_perm/CLK' (gopL5Q.CLK) has no clock, timing propagation is disabled at the pin.
W: STA-3011: Clock pin 'video_packet_send_m0/gt_tx_data[17]/opit_0_inv_L5Q_perm/CLK' (gopL5Q.CLK) has no clock, timing propagation is disabled at the pin.
W: STA-3011: Clock pin 'video_packet_send_m0/gt_tx_data[18]/opit_0_inv_L5Q_perm/CLK' (gopL5Q.CLK) has no clock, timing propagation is disabled at the pin.
W: STA-3011: Clock pin 'video_packet_send_m0/gt_tx_data[19]/opit_0_inv_L5Q_perm/CLK' (gopL5Q.CLK) has no clock, timing propagation is disabled at the pin.
W: STA-3011: Clock pin 'video_packet_send_m0/gt_tx_data[20]/opit_0_inv_L5Q_perm/CLK' (gopL5Q.CLK) has no clock, timing propagation is disabled at the pin.
W: STA-3011: Clock pin 'video_packet_send_m0/gt_tx_data[21]/opit_0_inv_L5Q_perm/CLK' (gopL5Q.CLK) has no clock, timing propagation is disabled at the pin.
W: STA-3011: Clock pin 'video_packet_send_m0/gt_tx_data[22]/opit_0_inv_L5Q_perm/CLK' (gopL5Q.CLK) has no clock, timing propagation is disabled at the pin.
W: STA-3011: Clock pin 'video_packet_send_m0/gt_tx_data[23]/opit_0_inv_L5Q_perm/CLK' (gopL5Q.CLK) has no clock, timing propagation is disabled at the pin.
W: STA-3011: Clock pin 'video_packet_send_m0/gt_tx_data[24]/opit_0_inv_L5Q_perm/CLK' (gopL5Q.CLK) has no clock, timing propagation is disabled at the pin.
W: STA-3011: Clock pin 'video_packet_send_m0/gt_tx_data[25]/opit_0_inv_L5Q_perm/CLK' (gopL5Q.CLK) has no clock, timing propagation is disabled at the pin.
W: STA-3011: Clock pin 'video_packet_send_m0/gt_tx_data[26]/opit_0_inv_L5Q_perm/CLK' (gopL5Q.CLK) has no clock, timing propagation is disabled at the pin.
W: STA-3011: Clock pin 'video_packet_send_m0/gt_tx_data[27]/opit_0_inv_L5Q_perm/CLK' (gopL5Q.CLK) has no clock, timing propagation is disabled at the pin.
W: STA-3011: Clock pin 'video_packet_send_m0/gt_tx_data[28]/opit_0_inv_L5Q_perm/CLK' (gopL5Q.CLK) has no clock, timing propagation is disabled at the pin.
W: STA-3011: Clock pin 'video_packet_send_m0/gt_tx_data[29]/opit_0_inv_L5Q_perm/CLK' (gopL5Q.CLK) has no clock, timing propagation is disabled at the pin.
W: STA-3011: Clock pin 'video_packet_send_m0/gt_tx_data[30]/opit_0_inv_L5Q_perm/CLK' (gopL5Q.CLK) has no clock, timing propagation is disabled at the pin.
W: STA-3011: Clock pin 'video_packet_send_m0/gt_tx_data[31]/opit_0_inv_L5Q_perm/CLK' (gopL5Q.CLK) has no clock, timing propagation is disabled at the pin.
W: STA-3011: Clock pin 'video_packet_send_m0/state_reg[0]/opit_0_inv_L5Q_perm/CLK' (gopL5Q.CLK) has no clock, timing propagation is disabled at the pin.
W: STA-3011: Clock pin 'video_packet_send_m0/state_reg[1]/opit_0_inv_L5Q_perm/CLK' (gopL5Q.CLK) has no clock, timing propagation is disabled at the pin.
W: STA-3011: Clock pin 'video_packet_send_m0/state_reg[2]/opit_0_inv_L5Q_perm/CLK' (gopL5Q.CLK) has no clock, timing propagation is disabled at the pin.
W: STA-3011: Clock pin 'video_packet_send_m0/state_reg[3]/opit_0_inv_L5Q_perm/CLK' (gopL5Q.CLK) has no clock, timing propagation is disabled at the pin.
W: STA-3011: Clock pin 'video_packet_send_m0/state_reg[4]/opit_0_inv_L5Q_perm/CLK' (gopL5Q.CLK) has no clock, timing propagation is disabled at the pin.
W: STA-3011: Clock pin 'video_packet_send_m0/state_reg[5]/opit_0_inv_L5Q_perm/CLK' (gopL5Q.CLK) has no clock, timing propagation is disabled at the pin.
W: STA-3011: Clock pin 'video_packet_send_m0/state_reg[6]/opit_0_inv_L5Q_perm/CLK' (gopL5Q.CLK) has no clock, timing propagation is disabled at the pin.
W: STA-3011: Clock pin 'video_packet_send_m0/vs_tx_clk_d0/opit_0/CLK' (gopQ.CLK) has no clock, timing propagation is disabled at the pin.
W: STA-3011: Clock pin 'video_packet_send_m0/vs_tx_clk_d1/opit_0/CLK' (gopQ.CLK) has no clock, timing propagation is disabled at the pin.
W: STA-3011: Clock pin 'video_packet_send_m0/vs_tx_clk_d2/opit_0/CLK' (gopQ.CLK) has no clock, timing propagation is disabled at the pin.
W: STA-3011: Clock pin 'width_m1[7]/opit_0_L5Q_perm/CLK' (gopL5Q.CLK) has no clock, timing propagation is disabled at the pin.
W: STA-3011: Clock pin 'width_m1[10]/opit_0_L5Q_perm/CLK' (gopL5Q.CLK) has no clock, timing propagation is disabled at the pin.
W: STA-3011: Clock pin 'width_m2[7]/opit_0_L5Q_perm/CLK' (gopL5Q.CLK) has no clock, timing propagation is disabled at the pin.
W: STA-3011: Clock pin 'width_m2[10]/opit_0_L5Q_perm/CLK' (gopL5Q.CLK) has no clock, timing propagation is disabled at the pin.
W: STA-3011: Clock pin 'width_m3[7]/opit_0_L5Q_perm/CLK' (gopL5Q.CLK) has no clock, timing propagation is disabled at the pin.
W: STA-3011: Clock pin 'width_m3[10]/opit_0_L5Q_perm/CLK' (gopL5Q.CLK) has no clock, timing propagation is disabled at the pin.
W: STA-3011: Clock pin 'word_align_m0/rxbyte_shft[0]/opit_0_L5Q_perm/CLK' (gopL5Q.CLK) has no clock, timing propagation is disabled at the pin.
W: STA-3011: Clock pin 'word_align_m0/rxbyte_shft[1]/opit_0_L5Q_perm/CLK' (gopL5Q.CLK) has no clock, timing propagation is disabled at the pin.
W: STA-3011: Clock pin 'word_align_m0/rxd_algn[0]/opit_0_MUX4TO1Q/CLK' (gopMUX4TO1Q.CLK) has no clock, timing propagation is disabled at the pin.
W: STA-3011: Clock pin 'word_align_m0/rxd_algn[1]/opit_0_MUX4TO1Q/CLK' (gopMUX4TO1Q.CLK) has no clock, timing propagation is disabled at the pin.
W: STA-3011: Clock pin 'word_align_m0/rxd_algn[2]/opit_0_MUX4TO1Q/CLK' (gopMUX4TO1Q.CLK) has no clock, timing propagation is disabled at the pin.
W: STA-3011: Clock pin 'word_align_m0/rxd_algn[3]/opit_0_MUX4TO1Q/CLK' (gopMUX4TO1Q.CLK) has no clock, timing propagation is disabled at the pin.
W: STA-3011: Clock pin 'word_align_m0/rxd_algn[4]/opit_0_MUX4TO1Q/CLK' (gopMUX4TO1Q.CLK) has no clock, timing propagation is disabled at the pin.
W: STA-3011: Clock pin 'word_align_m0/rxd_algn[5]/opit_0_MUX4TO1Q/CLK' (gopMUX4TO1Q.CLK) has no clock, timing propagation is disabled at the pin.
W: STA-3011: Clock pin 'word_align_m0/rxd_algn[6]/opit_0_MUX4TO1Q/CLK' (gopMUX4TO1Q.CLK) has no clock, timing propagation is disabled at the pin.
W: STA-3011: Clock pin 'word_align_m0/rxd_algn[7]/opit_0_MUX4TO1Q/CLK' (gopMUX4TO1Q.CLK) has no clock, timing propagation is disabled at the pin.
W: STA-3011: Clock pin 'word_align_m0/rxd_algn[8]/opit_0_MUX4TO1Q/CLK' (gopMUX4TO1Q.CLK) has no clock, timing propagation is disabled at the pin.
W: STA-3011: Clock pin 'word_align_m0/rxd_algn[9]/opit_0_MUX4TO1Q/CLK' (gopMUX4TO1Q.CLK) has no clock, timing propagation is disabled at the pin.
W: STA-3011: Clock pin 'word_align_m0/rxd_algn[10]/opit_0_MUX4TO1Q/CLK' (gopMUX4TO1Q.CLK) has no clock, timing propagation is disabled at the pin.
W: STA-3011: Clock pin 'word_align_m0/rxd_algn[11]/opit_0_MUX4TO1Q/CLK' (gopMUX4TO1Q.CLK) has no clock, timing propagation is disabled at the pin.
W: STA-3011: Clock pin 'word_align_m0/rxd_algn[12]/opit_0_MUX4TO1Q/CLK' (gopMUX4TO1Q.CLK) has no clock, timing propagation is disabled at the pin.
W: STA-3011: Clock pin 'word_align_m0/rxd_algn[13]/opit_0_MUX4TO1Q/CLK' (gopMUX4TO1Q.CLK) has no clock, timing propagation is disabled at the pin.
W: STA-3011: Clock pin 'word_align_m0/rxd_algn[14]/opit_0_MUX4TO1Q/CLK' (gopMUX4TO1Q.CLK) has no clock, timing propagation is disabled at the pin.
W: STA-3011: Clock pin 'word_align_m0/rxd_algn[15]/opit_0_MUX4TO1Q/CLK' (gopMUX4TO1Q.CLK) has no clock, timing propagation is disabled at the pin.
W: STA-3011: Clock pin 'word_align_m0/rxd_algn[16]/opit_0_MUX4TO1Q/CLK' (gopMUX4TO1Q.CLK) has no clock, timing propagation is disabled at the pin.
W: STA-3011: Clock pin 'word_align_m0/rxd_algn[17]/opit_0_MUX4TO1Q/CLK' (gopMUX4TO1Q.CLK) has no clock, timing propagation is disabled at the pin.
W: STA-3011: Clock pin 'word_align_m0/rxd_algn[18]/opit_0_MUX4TO1Q/CLK' (gopMUX4TO1Q.CLK) has no clock, timing propagation is disabled at the pin.
W: STA-3011: Clock pin 'word_align_m0/rxd_algn[19]/opit_0_MUX4TO1Q/CLK' (gopMUX4TO1Q.CLK) has no clock, timing propagation is disabled at the pin.
W: STA-3011: Clock pin 'word_align_m0/rxd_algn[20]/opit_0_MUX4TO1Q/CLK' (gopMUX4TO1Q.CLK) has no clock, timing propagation is disabled at the pin.
W: STA-3011: Clock pin 'word_align_m0/rxd_algn[21]/opit_0_MUX4TO1Q/CLK' (gopMUX4TO1Q.CLK) has no clock, timing propagation is disabled at the pin.
W: STA-3011: Clock pin 'word_align_m0/rxd_algn[22]/opit_0_MUX4TO1Q/CLK' (gopMUX4TO1Q.CLK) has no clock, timing propagation is disabled at the pin.
W: STA-3011: Clock pin 'word_align_m0/rxd_algn[23]/opit_0_MUX4TO1Q/CLK' (gopMUX4TO1Q.CLK) has no clock, timing propagation is disabled at the pin.
W: STA-3011: Clock pin 'word_align_m0/rxd_algn[24]/opit_0_MUX4TO1Q/CLK' (gopMUX4TO1Q.CLK) has no clock, timing propagation is disabled at the pin.
W: STA-3011: Clock pin 'word_align_m0/rxd_algn[25]/opit_0_MUX4TO1Q/CLK' (gopMUX4TO1Q.CLK) has no clock, timing propagation is disabled at the pin.
W: STA-3011: Clock pin 'word_align_m0/rxd_algn[26]/opit_0_MUX4TO1Q/CLK' (gopMUX4TO1Q.CLK) has no clock, timing propagation is disabled at the pin.
W: STA-3011: Clock pin 'word_align_m0/rxd_algn[27]/opit_0_MUX4TO1Q/CLK' (gopMUX4TO1Q.CLK) has no clock, timing propagation is disabled at the pin.
W: STA-3011: Clock pin 'word_align_m0/rxd_algn[28]/opit_0_MUX4TO1Q/CLK' (gopMUX4TO1Q.CLK) has no clock, timing propagation is disabled at the pin.
W: STA-3011: Clock pin 'word_align_m0/rxd_algn[29]/opit_0_MUX4TO1Q/CLK' (gopMUX4TO1Q.CLK) has no clock, timing propagation is disabled at the pin.
W: STA-3011: Clock pin 'word_align_m0/rxd_algn[30]/opit_0_MUX4TO1Q/CLK' (gopMUX4TO1Q.CLK) has no clock, timing propagation is disabled at the pin.
W: STA-3011: Clock pin 'word_align_m0/rxd_algn[31]/opit_0_MUX4TO1Q/CLK' (gopMUX4TO1Q.CLK) has no clock, timing propagation is disabled at the pin.
W: STA-3011: Clock pin 'word_align_m0/rxd_ff1[0]/opit_0/CLK' (gopQ.CLK) has no clock, timing propagation is disabled at the pin.
W: STA-3011: Clock pin 'word_align_m0/rxd_ff1[1]/opit_0/CLK' (gopQ.CLK) has no clock, timing propagation is disabled at the pin.
W: STA-3011: Clock pin 'word_align_m0/rxd_ff1[2]/opit_0/CLK' (gopQ.CLK) has no clock, timing propagation is disabled at the pin.
W: STA-3011: Clock pin 'word_align_m0/rxd_ff1[3]/opit_0/CLK' (gopQ.CLK) has no clock, timing propagation is disabled at the pin.
W: STA-3011: Clock pin 'word_align_m0/rxd_ff1[4]/opit_0/CLK' (gopQ.CLK) has no clock, timing propagation is disabled at the pin.
W: STA-3011: Clock pin 'word_align_m0/rxd_ff1[5]/opit_0/CLK' (gopQ.CLK) has no clock, timing propagation is disabled at the pin.
W: STA-3011: Clock pin 'word_align_m0/rxd_ff1[6]/opit_0/CLK' (gopQ.CLK) has no clock, timing propagation is disabled at the pin.
W: STA-3011: Clock pin 'word_align_m0/rxd_ff1[7]/opit_0/CLK' (gopQ.CLK) has no clock, timing propagation is disabled at the pin.
W: STA-3011: Clock pin 'word_align_m0/rxd_ff1[8]/opit_0/CLK' (gopQ.CLK) has no clock, timing propagation is disabled at the pin.
W: STA-3011: Clock pin 'word_align_m0/rxd_ff1[9]/opit_0/CLK' (gopQ.CLK) has no clock, timing propagation is disabled at the pin.
W: STA-3011: Clock pin 'word_align_m0/rxd_ff1[10]/opit_0/CLK' (gopQ.CLK) has no clock, timing propagation is disabled at the pin.
W: STA-3011: Clock pin 'word_align_m0/rxd_ff1[11]/opit_0/CLK' (gopQ.CLK) has no clock, timing propagation is disabled at the pin.
W: STA-3011: Clock pin 'word_align_m0/rxd_ff1[12]/opit_0/CLK' (gopQ.CLK) has no clock, timing propagation is disabled at the pin.
W: STA-3011: Clock pin 'word_align_m0/rxd_ff1[13]/opit_0/CLK' (gopQ.CLK) has no clock, timing propagation is disabled at the pin.
W: STA-3011: Clock pin 'word_align_m0/rxd_ff1[14]/opit_0/CLK' (gopQ.CLK) has no clock, timing propagation is disabled at the pin.
W: STA-3011: Clock pin 'word_align_m0/rxd_ff1[15]/opit_0/CLK' (gopQ.CLK) has no clock, timing propagation is disabled at the pin.
W: STA-3011: Clock pin 'word_align_m0/rxd_ff1[16]/opit_0/CLK' (gopQ.CLK) has no clock, timing propagation is disabled at the pin.
W: STA-3011: Clock pin 'word_align_m0/rxd_ff1[17]/opit_0/CLK' (gopQ.CLK) has no clock, timing propagation is disabled at the pin.
W: STA-3011: Clock pin 'word_align_m0/rxd_ff1[18]/opit_0/CLK' (gopQ.CLK) has no clock, timing propagation is disabled at the pin.
W: STA-3011: Clock pin 'word_align_m0/rxd_ff1[19]/opit_0/CLK' (gopQ.CLK) has no clock, timing propagation is disabled at the pin.
W: STA-3011: Clock pin 'word_align_m0/rxd_ff1[20]/opit_0/CLK' (gopQ.CLK) has no clock, timing propagation is disabled at the pin.
W: STA-3011: Clock pin 'word_align_m0/rxd_ff1[21]/opit_0/CLK' (gopQ.CLK) has no clock, timing propagation is disabled at the pin.
W: STA-3011: Clock pin 'word_align_m0/rxd_ff1[22]/opit_0/CLK' (gopQ.CLK) has no clock, timing propagation is disabled at the pin.
W: STA-3011: Clock pin 'word_align_m0/rxd_ff1[23]/opit_0/CLK' (gopQ.CLK) has no clock, timing propagation is disabled at the pin.
W: STA-3011: Clock pin 'word_align_m0/rxd_ff1[24]/opit_0/CLK' (gopQ.CLK) has no clock, timing propagation is disabled at the pin.
W: STA-3011: Clock pin 'word_align_m0/rxd_ff1[25]/opit_0/CLK' (gopQ.CLK) has no clock, timing propagation is disabled at the pin.
W: STA-3011: Clock pin 'word_align_m0/rxd_ff1[26]/opit_0/CLK' (gopQ.CLK) has no clock, timing propagation is disabled at the pin.
W: STA-3011: Clock pin 'word_align_m0/rxd_ff1[27]/opit_0/CLK' (gopQ.CLK) has no clock, timing propagation is disabled at the pin.
W: STA-3011: Clock pin 'word_align_m0/rxd_ff1[28]/opit_0/CLK' (gopQ.CLK) has no clock, timing propagation is disabled at the pin.
W: STA-3011: Clock pin 'word_align_m0/rxd_ff1[29]/opit_0/CLK' (gopQ.CLK) has no clock, timing propagation is disabled at the pin.
W: STA-3011: Clock pin 'word_align_m0/rxd_ff1[30]/opit_0/CLK' (gopQ.CLK) has no clock, timing propagation is disabled at the pin.
W: STA-3011: Clock pin 'word_align_m0/rxd_ff1[31]/opit_0/CLK' (gopQ.CLK) has no clock, timing propagation is disabled at the pin.
W: STA-3011: Clock pin 'word_align_m0/rxd_ff2[0]/opit_0/CLK' (gopQ.CLK) has no clock, timing propagation is disabled at the pin.
W: STA-3011: Clock pin 'word_align_m0/rxd_ff2[1]/opit_0/CLK' (gopQ.CLK) has no clock, timing propagation is disabled at the pin.
W: STA-3011: Clock pin 'word_align_m0/rxd_ff2[2]/opit_0/CLK' (gopQ.CLK) has no clock, timing propagation is disabled at the pin.
W: STA-3011: Clock pin 'word_align_m0/rxd_ff2[3]/opit_0/CLK' (gopQ.CLK) has no clock, timing propagation is disabled at the pin.
W: STA-3011: Clock pin 'word_align_m0/rxd_ff2[4]/opit_0/CLK' (gopQ.CLK) has no clock, timing propagation is disabled at the pin.
W: STA-3011: Clock pin 'word_align_m0/rxd_ff2[5]/opit_0/CLK' (gopQ.CLK) has no clock, timing propagation is disabled at the pin.
W: STA-3011: Clock pin 'word_align_m0/rxd_ff2[6]/opit_0/CLK' (gopQ.CLK) has no clock, timing propagation is disabled at the pin.
W: STA-3011: Clock pin 'word_align_m0/rxd_ff2[7]/opit_0/CLK' (gopQ.CLK) has no clock, timing propagation is disabled at the pin.
W: STA-3011: Clock pin 'word_align_m0/rxd_ff2[8]/opit_0/CLK' (gopQ.CLK) has no clock, timing propagation is disabled at the pin.
W: STA-3011: Clock pin 'word_align_m0/rxd_ff2[9]/opit_0/CLK' (gopQ.CLK) has no clock, timing propagation is disabled at the pin.
W: STA-3011: Clock pin 'word_align_m0/rxd_ff2[10]/opit_0/CLK' (gopQ.CLK) has no clock, timing propagation is disabled at the pin.
W: STA-3011: Clock pin 'word_align_m0/rxd_ff2[11]/opit_0/CLK' (gopQ.CLK) has no clock, timing propagation is disabled at the pin.
W: STA-3011: Clock pin 'word_align_m0/rxd_ff2[12]/opit_0/CLK' (gopQ.CLK) has no clock, timing propagation is disabled at the pin.
W: STA-3011: Clock pin 'word_align_m0/rxd_ff2[13]/opit_0/CLK' (gopQ.CLK) has no clock, timing propagation is disabled at the pin.
W: STA-3011: Clock pin 'word_align_m0/rxd_ff2[14]/opit_0/CLK' (gopQ.CLK) has no clock, timing propagation is disabled at the pin.
W: STA-3011: Clock pin 'word_align_m0/rxd_ff2[15]/opit_0/CLK' (gopQ.CLK) has no clock, timing propagation is disabled at the pin.
W: STA-3011: Clock pin 'word_align_m0/rxd_ff2[16]/opit_0/CLK' (gopQ.CLK) has no clock, timing propagation is disabled at the pin.
W: STA-3011: Clock pin 'word_align_m0/rxd_ff2[17]/opit_0/CLK' (gopQ.CLK) has no clock, timing propagation is disabled at the pin.
W: STA-3011: Clock pin 'word_align_m0/rxd_ff2[18]/opit_0/CLK' (gopQ.CLK) has no clock, timing propagation is disabled at the pin.
W: STA-3011: Clock pin 'word_align_m0/rxd_ff2[19]/opit_0/CLK' (gopQ.CLK) has no clock, timing propagation is disabled at the pin.
W: STA-3011: Clock pin 'word_align_m0/rxd_ff2[20]/opit_0/CLK' (gopQ.CLK) has no clock, timing propagation is disabled at the pin.
W: STA-3011: Clock pin 'word_align_m0/rxd_ff2[21]/opit_0/CLK' (gopQ.CLK) has no clock, timing propagation is disabled at the pin.
W: STA-3011: Clock pin 'word_align_m0/rxd_ff2[22]/opit_0/CLK' (gopQ.CLK) has no clock, timing propagation is disabled at the pin.
W: STA-3011: Clock pin 'word_align_m0/rxd_ff2[23]/opit_0/CLK' (gopQ.CLK) has no clock, timing propagation is disabled at the pin.
W: STA-3011: Clock pin 'word_align_m0/rxd_ff2[24]/opit_0/CLK' (gopQ.CLK) has no clock, timing propagation is disabled at the pin.
W: STA-3011: Clock pin 'word_align_m0/rxd_ff2[25]/opit_0/CLK' (gopQ.CLK) has no clock, timing propagation is disabled at the pin.
W: STA-3011: Clock pin 'word_align_m0/rxd_ff2[26]/opit_0/CLK' (gopQ.CLK) has no clock, timing propagation is disabled at the pin.
W: STA-3011: Clock pin 'word_align_m0/rxd_ff2[27]/opit_0/CLK' (gopQ.CLK) has no clock, timing propagation is disabled at the pin.
W: STA-3011: Clock pin 'word_align_m0/rxd_ff2[28]/opit_0/CLK' (gopQ.CLK) has no clock, timing propagation is disabled at the pin.
W: STA-3011: Clock pin 'word_align_m0/rxd_ff2[29]/opit_0/CLK' (gopQ.CLK) has no clock, timing propagation is disabled at the pin.
W: STA-3011: Clock pin 'word_align_m0/rxd_ff2[30]/opit_0/CLK' (gopQ.CLK) has no clock, timing propagation is disabled at the pin.
W: STA-3011: Clock pin 'word_align_m0/rxd_ff2[31]/opit_0/CLK' (gopQ.CLK) has no clock, timing propagation is disabled at the pin.
W: STA-3011: Clock pin 'word_align_m0/rxk_algn[0]/opit_0_MUX4TO1Q/CLK' (gopMUX4TO1Q.CLK) has no clock, timing propagation is disabled at the pin.
W: STA-3011: Clock pin 'word_align_m0/rxk_algn[1]/opit_0_MUX4TO1Q/CLK' (gopMUX4TO1Q.CLK) has no clock, timing propagation is disabled at the pin.
W: STA-3011: Clock pin 'word_align_m0/rxk_algn[2]/opit_0_MUX4TO1Q/CLK' (gopMUX4TO1Q.CLK) has no clock, timing propagation is disabled at the pin.
W: STA-3011: Clock pin 'word_align_m0/rxk_algn[3]/opit_0_MUX4TO1Q/CLK' (gopMUX4TO1Q.CLK) has no clock, timing propagation is disabled at the pin.
W: STA-3011: Clock pin 'word_align_m0/rxk_ff1[0]/opit_0/CLK' (gopQ.CLK) has no clock, timing propagation is disabled at the pin.
W: STA-3011: Clock pin 'word_align_m0/rxk_ff1[1]/opit_0/CLK' (gopQ.CLK) has no clock, timing propagation is disabled at the pin.
W: STA-3011: Clock pin 'word_align_m0/rxk_ff1[2]/opit_0/CLK' (gopQ.CLK) has no clock, timing propagation is disabled at the pin.
W: STA-3011: Clock pin 'word_align_m0/rxk_ff1[3]/opit_0/CLK' (gopQ.CLK) has no clock, timing propagation is disabled at the pin.
W: STA-3011: Clock pin 'word_align_m0/rxk_ff2[0]/opit_0/CLK' (gopQ.CLK) has no clock, timing propagation is disabled at the pin.
W: STA-3011: Clock pin 'word_align_m0/rxk_ff2[1]/opit_0/CLK' (gopQ.CLK) has no clock, timing propagation is disabled at the pin.
W: STA-3011: Clock pin 'word_align_m0/rxk_ff2[2]/opit_0/CLK' (gopQ.CLK) has no clock, timing propagation is disabled at the pin.
W: STA-3011: Clock pin 'word_align_m0/rxk_ff2[3]/opit_0/CLK' (gopQ.CLK) has no clock, timing propagation is disabled at the pin.
W: Timing-4086: Port 'iic_sda' is not constrained, it is treated as combinational input.
W: Timing-4087: Port 'iic_sda' is not constrained, it is treated as combinational output.
W: Timing-4086: Port 'mem_dq[0]' is not constrained, it is treated as combinational input.
W: Timing-4087: Port 'mem_dq[0]' is not constrained, it is treated as combinational output.
W: Timing-4086: Port 'mem_dq[1]' is not constrained, it is treated as combinational input.
W: Timing-4087: Port 'mem_dq[1]' is not constrained, it is treated as combinational output.
W: Timing-4086: Port 'mem_dq[2]' is not constrained, it is treated as combinational input.
W: Timing-4087: Port 'mem_dq[2]' is not constrained, it is treated as combinational output.
W: Timing-4086: Port 'mem_dq[3]' is not constrained, it is treated as combinational input.
W: Timing-4087: Port 'mem_dq[3]' is not constrained, it is treated as combinational output.
W: Timing-4086: Port 'mem_dq[4]' is not constrained, it is treated as combinational input.
W: Timing-4087: Port 'mem_dq[4]' is not constrained, it is treated as combinational output.
W: Timing-4086: Port 'mem_dq[5]' is not constrained, it is treated as combinational input.
W: Timing-4087: Port 'mem_dq[5]' is not constrained, it is treated as combinational output.
W: Timing-4086: Port 'mem_dq[6]' is not constrained, it is treated as combinational input.
W: Timing-4087: Port 'mem_dq[6]' is not constrained, it is treated as combinational output.
W: Timing-4086: Port 'mem_dq[7]' is not constrained, it is treated as combinational input.
W: Timing-4087: Port 'mem_dq[7]' is not constrained, it is treated as combinational output.
W: Timing-4086: Port 'mem_dq[8]' is not constrained, it is treated as combinational input.
W: Timing-4087: Port 'mem_dq[8]' is not constrained, it is treated as combinational output.
W: Timing-4086: Port 'mem_dq[9]' is not constrained, it is treated as combinational input.
W: Timing-4087: Port 'mem_dq[9]' is not constrained, it is treated as combinational output.
W: Timing-4086: Port 'mem_dq[10]' is not constrained, it is treated as combinational input.
W: Timing-4087: Port 'mem_dq[10]' is not constrained, it is treated as combinational output.
W: Timing-4086: Port 'mem_dq[11]' is not constrained, it is treated as combinational input.
W: Timing-4087: Port 'mem_dq[11]' is not constrained, it is treated as combinational output.
W: Timing-4086: Port 'mem_dq[12]' is not constrained, it is treated as combinational input.
W: Timing-4087: Port 'mem_dq[12]' is not constrained, it is treated as combinational output.
W: Timing-4086: Port 'mem_dq[13]' is not constrained, it is treated as combinational input.
W: Timing-4087: Port 'mem_dq[13]' is not constrained, it is treated as combinational output.
W: Timing-4086: Port 'mem_dq[14]' is not constrained, it is treated as combinational input.
W: Timing-4087: Port 'mem_dq[14]' is not constrained, it is treated as combinational output.
W: Timing-4086: Port 'mem_dq[15]' is not constrained, it is treated as combinational input.
W: Timing-4087: Port 'mem_dq[15]' is not constrained, it is treated as combinational output.
W: Timing-4086: Port 'mem_dq[16]' is not constrained, it is treated as combinational input.
W: Timing-4087: Port 'mem_dq[16]' is not constrained, it is treated as combinational output.
W: Timing-4086: Port 'mem_dq[17]' is not constrained, it is treated as combinational input.
W: Timing-4087: Port 'mem_dq[17]' is not constrained, it is treated as combinational output.
W: Timing-4086: Port 'mem_dq[18]' is not constrained, it is treated as combinational input.
W: Timing-4087: Port 'mem_dq[18]' is not constrained, it is treated as combinational output.
W: Timing-4086: Port 'mem_dq[19]' is not constrained, it is treated as combinational input.
W: Timing-4087: Port 'mem_dq[19]' is not constrained, it is treated as combinational output.
W: Timing-4086: Port 'mem_dq[20]' is not constrained, it is treated as combinational input.
W: Timing-4087: Port 'mem_dq[20]' is not constrained, it is treated as combinational output.
W: Timing-4086: Port 'mem_dq[21]' is not constrained, it is treated as combinational input.
W: Timing-4087: Port 'mem_dq[21]' is not constrained, it is treated as combinational output.
W: Timing-4086: Port 'mem_dq[22]' is not constrained, it is treated as combinational input.
W: Timing-4087: Port 'mem_dq[22]' is not constrained, it is treated as combinational output.
W: Timing-4086: Port 'mem_dq[23]' is not constrained, it is treated as combinational input.
W: Timing-4087: Port 'mem_dq[23]' is not constrained, it is treated as combinational output.
W: Timing-4086: Port 'mem_dq[24]' is not constrained, it is treated as combinational input.
W: Timing-4087: Port 'mem_dq[24]' is not constrained, it is treated as combinational output.
W: Timing-4086: Port 'mem_dq[25]' is not constrained, it is treated as combinational input.
W: Timing-4087: Port 'mem_dq[25]' is not constrained, it is treated as combinational output.
W: Timing-4086: Port 'mem_dq[26]' is not constrained, it is treated as combinational input.
W: Timing-4087: Port 'mem_dq[26]' is not constrained, it is treated as combinational output.
W: Timing-4086: Port 'mem_dq[27]' is not constrained, it is treated as combinational input.
W: Timing-4087: Port 'mem_dq[27]' is not constrained, it is treated as combinational output.
W: Timing-4086: Port 'mem_dq[28]' is not constrained, it is treated as combinational input.
W: Timing-4087: Port 'mem_dq[28]' is not constrained, it is treated as combinational output.
W: Timing-4086: Port 'mem_dq[29]' is not constrained, it is treated as combinational input.
W: Timing-4087: Port 'mem_dq[29]' is not constrained, it is treated as combinational output.
W: Timing-4086: Port 'mem_dq[30]' is not constrained, it is treated as combinational input.
W: Timing-4087: Port 'mem_dq[30]' is not constrained, it is treated as combinational output.
W: Timing-4086: Port 'mem_dq[31]' is not constrained, it is treated as combinational input.
W: Timing-4087: Port 'mem_dq[31]' is not constrained, it is treated as combinational output.
W: Timing-4086: Port 'mem_dqs[0]' is not constrained, it is treated as combinational input.
W: Timing-4087: Port 'mem_dqs[0]' is not constrained, it is treated as combinational output.
W: Timing-4086: Port 'mem_dqs[1]' is not constrained, it is treated as combinational input.
W: Timing-4087: Port 'mem_dqs[1]' is not constrained, it is treated as combinational output.
W: Timing-4086: Port 'mem_dqs[2]' is not constrained, it is treated as combinational input.
W: Timing-4087: Port 'mem_dqs[2]' is not constrained, it is treated as combinational output.
W: Timing-4086: Port 'mem_dqs[3]' is not constrained, it is treated as combinational input.
W: Timing-4087: Port 'mem_dqs[3]' is not constrained, it is treated as combinational output.
W: Timing-4086: Port 'mem_dqs_n[0]' is not constrained, it is treated as combinational input.
W: Timing-4087: Port 'mem_dqs_n[0]' is not constrained, it is treated as combinational output.
W: Timing-4086: Port 'mem_dqs_n[1]' is not constrained, it is treated as combinational input.
W: Timing-4087: Port 'mem_dqs_n[1]' is not constrained, it is treated as combinational output.
W: Timing-4086: Port 'mem_dqs_n[2]' is not constrained, it is treated as combinational input.
W: Timing-4087: Port 'mem_dqs_n[2]' is not constrained, it is treated as combinational output.
W: Timing-4086: Port 'mem_dqs_n[3]' is not constrained, it is treated as combinational input.
W: Timing-4087: Port 'mem_dqs_n[3]' is not constrained, it is treated as combinational output.
W: Timing-4087: Port 'ad_clk' is not constrained, it is treated as combinational output.
W: Timing-4087: Port 'b_out[0]' is not constrained, it is treated as combinational output.
W: Timing-4087: Port 'b_out[1]' is not constrained, it is treated as combinational output.
W: Timing-4087: Port 'b_out[2]' is not constrained, it is treated as combinational output.
W: Timing-4087: Port 'b_out[3]' is not constrained, it is treated as combinational output.
W: Timing-4087: Port 'b_out[4]' is not constrained, it is treated as combinational output.
W: Timing-4087: Port 'b_out[5]' is not constrained, it is treated as combinational output.
W: Timing-4087: Port 'b_out[6]' is not constrained, it is treated as combinational output.
W: Timing-4087: Port 'b_out[7]' is not constrained, it is treated as combinational output.
W: Timing-4087: Port 'da_clk' is not constrained, it is treated as combinational output.
W: Timing-4087: Port 'da_data_out[0]' is not constrained, it is treated as combinational output.
W: Timing-4087: Port 'da_data_out[1]' is not constrained, it is treated as combinational output.
W: Timing-4087: Port 'da_data_out[2]' is not constrained, it is treated as combinational output.
W: Timing-4087: Port 'da_data_out[3]' is not constrained, it is treated as combinational output.
W: Timing-4087: Port 'da_data_out[4]' is not constrained, it is treated as combinational output.
W: Timing-4087: Port 'da_data_out[5]' is not constrained, it is treated as combinational output.
W: Timing-4087: Port 'da_data_out[6]' is not constrained, it is treated as combinational output.
W: Timing-4087: Port 'da_data_out[7]' is not constrained, it is treated as combinational output.
W: Timing-4087: Port 'ddr_init_done' is not constrained, it is treated as combinational output.
W: Timing-4087: Port 'de_out' is not constrained, it is treated as combinational output.
W: Timing-4087: Port 'g_out[0]' is not constrained, it is treated as combinational output.
W: Timing-4087: Port 'g_out[1]' is not constrained, it is treated as combinational output.
W: Timing-4087: Port 'g_out[2]' is not constrained, it is treated as combinational output.
W: Timing-4087: Port 'g_out[3]' is not constrained, it is treated as combinational output.
W: Timing-4087: Port 'g_out[4]' is not constrained, it is treated as combinational output.
W: Timing-4087: Port 'g_out[5]' is not constrained, it is treated as combinational output.
W: Timing-4087: Port 'g_out[6]' is not constrained, it is treated as combinational output.
W: Timing-4087: Port 'g_out[7]' is not constrained, it is treated as combinational output.
W: Timing-4087: Port 'heart_beat_led' is not constrained, it is treated as combinational output.
W: Timing-4087: Port 'hs_out' is not constrained, it is treated as combinational output.
W: Timing-4087: Port 'iic_scl' is not constrained, it is treated as combinational output.
W: Timing-4087: Port 'led_int' is not constrained, it is treated as combinational output.
W: Timing-4087: Port 'mem_a[0]' is not constrained, it is treated as combinational output.
W: Timing-4087: Port 'mem_a[1]' is not constrained, it is treated as combinational output.
W: Timing-4087: Port 'mem_a[2]' is not constrained, it is treated as combinational output.
W: Timing-4087: Port 'mem_a[3]' is not constrained, it is treated as combinational output.
W: Timing-4087: Port 'mem_a[4]' is not constrained, it is treated as combinational output.
W: Timing-4087: Port 'mem_a[5]' is not constrained, it is treated as combinational output.
W: Timing-4087: Port 'mem_a[6]' is not constrained, it is treated as combinational output.
W: Timing-4087: Port 'mem_a[7]' is not constrained, it is treated as combinational output.
W: Timing-4087: Port 'mem_a[8]' is not constrained, it is treated as combinational output.
W: Timing-4087: Port 'mem_a[9]' is not constrained, it is treated as combinational output.
W: Timing-4087: Port 'mem_a[10]' is not constrained, it is treated as combinational output.
W: Timing-4087: Port 'mem_a[11]' is not constrained, it is treated as combinational output.
W: Timing-4087: Port 'mem_a[12]' is not constrained, it is treated as combinational output.
W: Timing-4087: Port 'mem_a[13]' is not constrained, it is treated as combinational output.
W: Timing-4087: Port 'mem_a[14]' is not constrained, it is treated as combinational output.
W: Timing-4087: Port 'mem_ba[0]' is not constrained, it is treated as combinational output.
W: Timing-4087: Port 'mem_ba[1]' is not constrained, it is treated as combinational output.
W: Timing-4087: Port 'mem_ba[2]' is not constrained, it is treated as combinational output.
W: Timing-4087: Port 'mem_cas_n' is not constrained, it is treated as combinational output.
W: Timing-4087: Port 'mem_ck' is not constrained, it is treated as combinational output.
W: Timing-4087: Port 'mem_ck_n' is not constrained, it is treated as combinational output.
W: Timing-4087: Port 'mem_cke' is not constrained, it is treated as combinational output.
W: Timing-4087: Port 'mem_cs_n' is not constrained, it is treated as combinational output.
W: Timing-4087: Port 'mem_dm[0]' is not constrained, it is treated as combinational output.
W: Timing-4087: Port 'mem_dm[1]' is not constrained, it is treated as combinational output.
W: Timing-4087: Port 'mem_dm[2]' is not constrained, it is treated as combinational output.
W: Timing-4087: Port 'mem_dm[3]' is not constrained, it is treated as combinational output.
W: Timing-4087: Port 'mem_odt' is not constrained, it is treated as combinational output.
W: Timing-4087: Port 'mem_ras_n' is not constrained, it is treated as combinational output.
W: Timing-4087: Port 'mem_rst_n' is not constrained, it is treated as combinational output.
W: Timing-4087: Port 'mem_we_n' is not constrained, it is treated as combinational output.
W: Timing-4087: Port 'pixclk_out' is not constrained, it is treated as combinational output.
W: Timing-4087: Port 'r_out[0]' is not constrained, it is treated as combinational output.
W: Timing-4087: Port 'r_out[1]' is not constrained, it is treated as combinational output.
W: Timing-4087: Port 'r_out[2]' is not constrained, it is treated as combinational output.
W: Timing-4087: Port 'r_out[3]' is not constrained, it is treated as combinational output.
W: Timing-4087: Port 'r_out[4]' is not constrained, it is treated as combinational output.
W: Timing-4087: Port 'r_out[5]' is not constrained, it is treated as combinational output.
W: Timing-4087: Port 'r_out[6]' is not constrained, it is treated as combinational output.
W: Timing-4087: Port 'r_out[7]' is not constrained, it is treated as combinational output.
W: Timing-4087: Port 'rstn_out3' is not constrained, it is treated as combinational output.
W: Timing-4087: Port 'tx_disable[0]' is not constrained, it is treated as combinational output.
W: Timing-4087: Port 'tx_disable[1]' is not constrained, it is treated as combinational output.
W: Timing-4087: Port 'vs_out' is not constrained, it is treated as combinational output.
W: Timing-4086: Port 'ad_data_in[0]' is not constrained, it is treated as combinational input.
W: Timing-4086: Port 'ad_data_in[1]' is not constrained, it is treated as combinational input.
W: Timing-4086: Port 'ad_data_in[2]' is not constrained, it is treated as combinational input.
W: Timing-4086: Port 'ad_data_in[3]' is not constrained, it is treated as combinational input.
W: Timing-4086: Port 'ad_data_in[4]' is not constrained, it is treated as combinational input.
W: Timing-4086: Port 'ad_data_in[5]' is not constrained, it is treated as combinational input.
W: Timing-4086: Port 'ad_data_in[6]' is not constrained, it is treated as combinational input.
W: Timing-4086: Port 'ad_data_in[7]' is not constrained, it is treated as combinational input.
W: Timing-4086: Port 'b_3_in[0]' is not constrained, it is treated as combinational input.
W: Timing-4086: Port 'b_3_in[1]' is not constrained, it is treated as combinational input.
W: Timing-4086: Port 'b_3_in[2]' is not constrained, it is treated as combinational input.
W: Timing-4086: Port 'b_3_in[3]' is not constrained, it is treated as combinational input.
W: Timing-4086: Port 'b_3_in[4]' is not constrained, it is treated as combinational input.
W: Timing-4086: Port 'b_3_in[5]' is not constrained, it is treated as combinational input.
W: Timing-4086: Port 'b_3_in[6]' is not constrained, it is treated as combinational input.
W: Timing-4086: Port 'b_3_in[7]' is not constrained, it is treated as combinational input.
W: Timing-4086: Port 'de_3_in' is not constrained, it is treated as combinational input.
W: Timing-4086: Port 'g_3_in[0]' is not constrained, it is treated as combinational input.
W: Timing-4086: Port 'g_3_in[1]' is not constrained, it is treated as combinational input.
W: Timing-4086: Port 'g_3_in[2]' is not constrained, it is treated as combinational input.
W: Timing-4086: Port 'g_3_in[3]' is not constrained, it is treated as combinational input.
W: Timing-4086: Port 'g_3_in[4]' is not constrained, it is treated as combinational input.
W: Timing-4086: Port 'g_3_in[5]' is not constrained, it is treated as combinational input.
W: Timing-4086: Port 'g_3_in[6]' is not constrained, it is treated as combinational input.
W: Timing-4086: Port 'g_3_in[7]' is not constrained, it is treated as combinational input.
W: Timing-4086: Port 'hs_3_in' is not constrained, it is treated as combinational input.
W: Timing-4086: Port 'r_3_in[0]' is not constrained, it is treated as combinational input.
W: Timing-4086: Port 'r_3_in[1]' is not constrained, it is treated as combinational input.
W: Timing-4086: Port 'r_3_in[2]' is not constrained, it is treated as combinational input.
W: Timing-4086: Port 'r_3_in[3]' is not constrained, it is treated as combinational input.
W: Timing-4086: Port 'r_3_in[4]' is not constrained, it is treated as combinational input.
W: Timing-4086: Port 'r_3_in[5]' is not constrained, it is treated as combinational input.
W: Timing-4086: Port 'r_3_in[6]' is not constrained, it is treated as combinational input.
W: Timing-4086: Port 'r_3_in[7]' is not constrained, it is treated as combinational input.
W: Timing-4086: Port 'rst_n' is not constrained, it is treated as combinational input.
W: Timing-4086: Port 'vs_3_in' is not constrained, it is treated as combinational input.
Report timing is finished successfully.
Action report_timing: Real time elapsed is 0h:0m:17s
Action report_timing: CPU time elapsed is 0h:0m:15s
Action report_timing: Process CPU time elapsed is 0h:0m:19s
Current time: Tue Nov 12 12:05:48 2024
Action report_timing: Peak memory pool usage is 1,434 MB
