-------------------------------------------------------------------------------------------------------------------------------------------------------------------------------------------------------------------------------------------------------------------------------------------------------------------------------------------------------------------------------------------------------------------------
Detailed RTL Component Info :
-----Module Name :
                    ipsxe_fft_onboard_top

-----ROMs :
            960 Bit    (64 x 15 bit)          ROMs := 2
            3K Bit    (256 x 15 bit)          ROMs := 2
            108K Bit    (1024 x 108 bit)          ROMs := 1

-----RAMs :
            16 Bit    (16 x 1 bit)          RAMs := 8
            160 Bit    (16 x 10 bit)          RAMs := 2
            176 Bit    (16 x 11 bit)          RAMs := 13
            576 Bit    (16 x 36 bit)          RAMs := 1
            704 Bit    (16 x 44 bit)          RAMs := 1
            720 Bit    (16 x 45 bit)          RAMs := 1
            736 Bit    (16 x 46 bit)          RAMs := 1
            752 Bit    (16 x 47 bit)          RAMs := 1
            768 Bit    (16 x 48 bit)          RAMs := 1
            784 Bit    (16 x 49 bit)          RAMs := 1
            1K Bit    (32 x 44 bit)          RAMs := 1
            2K Bit    (64 x 42 bit)          RAMs := 1

Distributed RAM and Block RAM: Final Mapping Report
|------------------------------------------------------------------------------------------------------------------------------------------------------------------------------------------------------------------------------------------------------------------------------------------------|------------------------|-------------------|---------|
| DPRAM Inst Name                                                                                                                                                                                                                                                                                | Size (Depth x Width)   | Primitives        | Count   |
|------------------------------------------------------------------------------------------------------------------------------------------------------------------------------------------------------------------------------------------------------------------------------------------------|------------------------|-------------------|---------|
| u_fft_wrapper/use_pipeline.u_pipeline_core/inst_r22_dif_group[0].u_r22_dif_group/bf2_en.u_r22_bf2/use_parallel_as.u_r22bf_as_paral/u_o_user_info_sreg/latency_larger_than_2.u_distram_sreg/u_distributed_shiftregister/u_distributed_sdpram/mem                                                | 16 x 11                |                   |         |
|                                                                                                                                                                                                                                                                                                | 16 x 1                 | GTP_RAM16X1DP     | 11      |
|------------------------------------------------------------------------------------------------------------------------------------------------------------------------------------------------------------------------------------------------------------------------------------------------|------------------------|-------------------|---------|
| u_fft_wrapper/use_pipeline.u_pipeline_core/inst_r22_dif_group[0].u_r22_dif_group/bf2_en_and_not_the_last_stage.u_r22_mult_by_twiddle/u_comp_mult/t3.u_comp_mult_t3/u_sreg_dly2/latency_larger_than_2.u_distram_sreg/u_distributed_shiftregister/u_distributed_sdpram/mem                       | 16 x 36                |                   |         |
|                                                                                                                                                                                                                                                                                                | 16 x 1                 | GTP_RAM16X1DP     | 36      |
|------------------------------------------------------------------------------------------------------------------------------------------------------------------------------------------------------------------------------------------------------------------------------------------------|------------------------|-------------------|---------|
| u_fft_wrapper/use_pipeline.u_pipeline_core/inst_r22_dif_group[0].u_r22_dif_group/bf2_en_and_not_the_last_stage.u_r22_mult_by_twiddle/u_fft_comp_round/u_im_round/convegent_rouning.u_din_sign_sreg/latency_larger_than_2.u_distram_sreg/u_distributed_shiftregister/u_distributed_sdpram/mem   | 16 x 1                 |                   |         |
|                                                                                                                                                                                                                                                                                                | 16 x 1                 | GTP_RAM16X1DP     | 1       |
|------------------------------------------------------------------------------------------------------------------------------------------------------------------------------------------------------------------------------------------------------------------------------------------------|------------------------|-------------------|---------|
| u_fft_wrapper/use_pipeline.u_pipeline_core/inst_r22_dif_group[0].u_r22_dif_group/bf2_en_and_not_the_last_stage.u_r22_mult_by_twiddle/u_fft_comp_round/u_re_round/convegent_rouning.u_din_sign_sreg/latency_larger_than_2.u_distram_sreg/u_distributed_shiftregister/u_distributed_sdpram/mem   | 16 x 1                 |                   |         |
|                                                                                                                                                                                                                                                                                                | 16 x 1                 | GTP_RAM16X1DP     | 1       |
|------------------------------------------------------------------------------------------------------------------------------------------------------------------------------------------------------------------------------------------------------------------------------------------------|------------------------|-------------------|---------|
| u_fft_wrapper/use_pipeline.u_pipeline_core/inst_r22_dif_group[0].u_r22_dif_group/bf2_en_and_not_the_last_stage.u_r22_mult_by_twiddle/u_o_user_info_sreg/latency_larger_than_2.u_distram_sreg/u_distributed_shiftregister/u_distributed_sdpram/mem                                              | 16 x 11                |                   |         |
|                                                                                                                                                                                                                                                                                                | 16 x 1                 | GTP_RAM16X1DP     | 11      |
|------------------------------------------------------------------------------------------------------------------------------------------------------------------------------------------------------------------------------------------------------------------------------------------------|------------------------|-------------------|---------|
| u_fft_wrapper/use_pipeline.u_pipeline_core/inst_r22_dif_group[0].u_r22_dif_group/u_r22_bf1/use_parallel_as.u_r22bf_as_paral/u_o_user_info_sreg/latency_larger_than_2.u_distram_sreg/u_distributed_shiftregister/u_distributed_sdpram/mem                                                       | 16 x 11                |                   |         |
|                                                                                                                                                                                                                                                                                                | 16 x 1                 | GTP_RAM16X1DP     | 11      |
|------------------------------------------------------------------------------------------------------------------------------------------------------------------------------------------------------------------------------------------------------------------------------------------------|------------------------|-------------------|---------|
| u_fft_wrapper/use_pipeline.u_pipeline_core/inst_r22_dif_group[1].u_r22_dif_group/bf2_en.u_r22_bf2/use_parallel_as.u_r22bf_as_paral/inst_shift_ram.u_shift_ram/use_distram.u_distram_sreg/latency_larger_than_2.u_distram_sreg/u_distributed_shiftregister/u_distributed_sdpram/mem             | 64 x 42                |                   |         |
|                                                                                                                                                                                                                                                                                                | 32 x 1                 | GTP_RAM32X1DP     | 84      |
|------------------------------------------------------------------------------------------------------------------------------------------------------------------------------------------------------------------------------------------------------------------------------------------------|------------------------|-------------------|---------|
| u_fft_wrapper/use_pipeline.u_pipeline_core/inst_r22_dif_group[1].u_r22_dif_group/bf2_en.u_r22_bf2/use_parallel_as.u_r22bf_as_paral/u_o_user_info_sreg/latency_larger_than_2.u_distram_sreg/u_distributed_shiftregister/u_distributed_sdpram/mem                                                | 16 x 11                |                   |         |
|                                                                                                                                                                                                                                                                                                | 16 x 1                 | GTP_RAM16X1DP     | 11      |
|------------------------------------------------------------------------------------------------------------------------------------------------------------------------------------------------------------------------------------------------------------------------------------------------|------------------------|-------------------|---------|
| u_fft_wrapper/use_pipeline.u_pipeline_core/inst_r22_dif_group[1].u_r22_dif_group/bf2_en_and_not_the_last_stage.u_r22_mult_by_twiddle/u_fft_comp_round/u_im_round/convegent_rouning.u_din_sign_sreg/latency_larger_than_2.u_distram_sreg/u_distributed_shiftregister/u_distributed_sdpram/mem   | 16 x 1                 |                   |         |
|                                                                                                                                                                                                                                                                                                | 16 x 1                 | GTP_RAM16X1DP     | 1       |
|------------------------------------------------------------------------------------------------------------------------------------------------------------------------------------------------------------------------------------------------------------------------------------------------|------------------------|-------------------|---------|
| u_fft_wrapper/use_pipeline.u_pipeline_core/inst_r22_dif_group[1].u_r22_dif_group/bf2_en_and_not_the_last_stage.u_r22_mult_by_twiddle/u_fft_comp_round/u_re_round/convegent_rouning.u_din_sign_sreg/latency_larger_than_2.u_distram_sreg/u_distributed_shiftregister/u_distributed_sdpram/mem   | 16 x 1                 |                   |         |
|                                                                                                                                                                                                                                                                                                | 16 x 1                 | GTP_RAM16X1DP     | 1       |
|------------------------------------------------------------------------------------------------------------------------------------------------------------------------------------------------------------------------------------------------------------------------------------------------|------------------------|-------------------|---------|
| u_fft_wrapper/use_pipeline.u_pipeline_core/inst_r22_dif_group[1].u_r22_dif_group/bf2_en_and_not_the_last_stage.u_r22_mult_by_twiddle/u_o_user_info_sreg/latency_larger_than_2.u_distram_sreg/u_distributed_shiftregister/u_distributed_sdpram/mem                                              | 16 x 11                |                   |         |
|                                                                                                                                                                                                                                                                                                | 16 x 1                 | GTP_RAM16X1DP     | 11      |
|------------------------------------------------------------------------------------------------------------------------------------------------------------------------------------------------------------------------------------------------------------------------------------------------|------------------------|-------------------|---------|
| u_fft_wrapper/use_pipeline.u_pipeline_core/inst_r22_dif_group[1].u_r22_dif_group/bf2_en_and_not_the_last_stage.u_r22_mult_by_twiddle/u_twiddle_gen/u_sin_rom/use_distram.u_sin_distram_rom/sin_rom_used_2                                                                                      | 64 x 15                |                   |         |
|                                                                                                                                                                                                                                                                                                | 64 x 1                 | GTP_ROM64X1       | 15      |
|------------------------------------------------------------------------------------------------------------------------------------------------------------------------------------------------------------------------------------------------------------------------------------------------|------------------------|-------------------|---------|
| u_fft_wrapper/use_pipeline.u_pipeline_core/inst_r22_dif_group[1].u_r22_dif_group/bf2_en_and_not_the_last_stage.u_r22_mult_by_twiddle/u_twiddle_gen/u_sin_rom/use_distram.u_sin_distram_rom/sin_rom_used_3                                                                                      | 64 x 15                |                   |         |
|                                                                                                                                                                                                                                                                                                | 64 x 1                 | GTP_ROM64X1       | 15      |
|------------------------------------------------------------------------------------------------------------------------------------------------------------------------------------------------------------------------------------------------------------------------------------------------|------------------------|-------------------|---------|
| u_fft_wrapper/use_pipeline.u_pipeline_core/inst_r22_dif_group[1].u_r22_dif_group/u_r22_bf1/use_parallel_as.u_r22bf_as_paral/u_o_user_info_sreg/latency_larger_than_2.u_distram_sreg/u_distributed_shiftregister/u_distributed_sdpram/mem                                                       | 16 x 11                |                   |         |
|                                                                                                                                                                                                                                                                                                | 16 x 1                 | GTP_RAM16X1DP     | 11      |
|------------------------------------------------------------------------------------------------------------------------------------------------------------------------------------------------------------------------------------------------------------------------------------------------|------------------------|-------------------|---------|
| u_fft_wrapper/use_pipeline.u_pipeline_core/inst_r22_dif_group[2].u_r22_dif_group/bf2_en.u_r22_bf2/use_multiplex_as.u_r22bf_as_multi/u_o_user_info_sreg/latency_larger_than_2.u_distram_sreg/u_distributed_shiftregister/u_distributed_sdpram/mem                                               | 16 x 11                |                   |         |
|                                                                                                                                                                                                                                                                                                | 16 x 1                 | GTP_RAM16X1DP     | 11      |
|------------------------------------------------------------------------------------------------------------------------------------------------------------------------------------------------------------------------------------------------------------------------------------------------|------------------------|-------------------|---------|
| u_fft_wrapper/use_pipeline.u_pipeline_core/inst_r22_dif_group[2].u_r22_dif_group/bf2_en.u_r22_bf2/use_multiplex_as.u_r22bf_as_multi/u_shift_ram_1/use_distram.u_distram_sreg/latency_larger_than_2.u_distram_sreg/u_distributed_shiftregister/u_distributed_sdpram/mem                         | 16 x 45                |                   |         |
|                                                                                                                                                                                                                                                                                                | 16 x 1                 | GTP_RAM16X1DP     | 45      |
|------------------------------------------------------------------------------------------------------------------------------------------------------------------------------------------------------------------------------------------------------------------------------------------------|------------------------|-------------------|---------|
| u_fft_wrapper/use_pipeline.u_pipeline_core/inst_r22_dif_group[2].u_r22_dif_group/bf2_en.u_r22_bf2/use_multiplex_as.u_r22bf_as_multi/u_shift_ram_2/use_distram.u_distram_sreg/latency_larger_than_2.u_distram_sreg/u_distributed_shiftregister/u_distributed_sdpram/mem                         | 16 x 44                |                   |         |
|                                                                                                                                                                                                                                                                                                | 16 x 1                 | GTP_RAM16X1DP     | 44      |
|------------------------------------------------------------------------------------------------------------------------------------------------------------------------------------------------------------------------------------------------------------------------------------------------|------------------------|-------------------|---------|
| u_fft_wrapper/use_pipeline.u_pipeline_core/inst_r22_dif_group[2].u_r22_dif_group/bf2_en_and_not_the_last_stage.u_r22_mult_by_twiddle/u_fft_comp_round/u_im_round/convegent_rouning.u_din_sign_sreg/latency_larger_than_2.u_distram_sreg/u_distributed_shiftregister/u_distributed_sdpram/mem   | 16 x 1                 |                   |         |
|                                                                                                                                                                                                                                                                                                | 16 x 1                 | GTP_RAM16X1DP     | 1       |
|------------------------------------------------------------------------------------------------------------------------------------------------------------------------------------------------------------------------------------------------------------------------------------------------|------------------------|-------------------|---------|
| u_fft_wrapper/use_pipeline.u_pipeline_core/inst_r22_dif_group[2].u_r22_dif_group/bf2_en_and_not_the_last_stage.u_r22_mult_by_twiddle/u_fft_comp_round/u_re_round/convegent_rouning.u_din_sign_sreg/latency_larger_than_2.u_distram_sreg/u_distributed_shiftregister/u_distributed_sdpram/mem   | 16 x 1                 |                   |         |
|                                                                                                                                                                                                                                                                                                | 16 x 1                 | GTP_RAM16X1DP     | 1       |
|------------------------------------------------------------------------------------------------------------------------------------------------------------------------------------------------------------------------------------------------------------------------------------------------|------------------------|-------------------|---------|
| u_fft_wrapper/use_pipeline.u_pipeline_core/inst_r22_dif_group[2].u_r22_dif_group/bf2_en_and_not_the_last_stage.u_r22_mult_by_twiddle/u_o_user_info_sreg/latency_larger_than_2.u_distram_sreg/u_distributed_shiftregister/u_distributed_sdpram/mem                                              | 16 x 11                |                   |         |
|                                                                                                                                                                                                                                                                                                | 16 x 1                 | GTP_RAM16X1DP     | 11      |
|------------------------------------------------------------------------------------------------------------------------------------------------------------------------------------------------------------------------------------------------------------------------------------------------|------------------------|-------------------|---------|
| u_fft_wrapper/use_pipeline.u_pipeline_core/inst_r22_dif_group[2].u_r22_dif_group/u_r22_bf1/use_parallel_as.u_r22bf_as_paral/inst_shift_ram.u_shift_ram/use_distram.u_distram_sreg/latency_larger_than_2.u_distram_sreg/u_distributed_shiftregister/u_distributed_sdpram/mem                    | 32 x 44                |                   |         |
|                                                                                                                                                                                                                                                                                                | 32 x 1                 | GTP_RAM32X1DP     | 44      |
|------------------------------------------------------------------------------------------------------------------------------------------------------------------------------------------------------------------------------------------------------------------------------------------------|------------------------|-------------------|---------|
| u_fft_wrapper/use_pipeline.u_pipeline_core/inst_r22_dif_group[2].u_r22_dif_group/u_r22_bf1/use_parallel_as.u_r22bf_as_paral/u_o_user_info_sreg/latency_larger_than_2.u_distram_sreg/u_distributed_shiftregister/u_distributed_sdpram/mem                                                       | 16 x 11                |                   |         |
|                                                                                                                                                                                                                                                                                                | 16 x 1                 | GTP_RAM16X1DP     | 11      |
|------------------------------------------------------------------------------------------------------------------------------------------------------------------------------------------------------------------------------------------------------------------------------------------------|------------------------|-------------------|---------|
| u_fft_wrapper/use_pipeline.u_pipeline_core/inst_r22_dif_group[3].u_r22_dif_group/bf2_en.u_r22_bf2/use_multiplex_as.u_r22bf_as_multi/u_o_user_info_sreg/latency_larger_than_2.u_distram_sreg/u_distributed_shiftregister/u_distributed_sdpram/mem                                               | 16 x 11                |                   |         |
|                                                                                                                                                                                                                                                                                                | 16 x 1                 | GTP_RAM16X1DP     | 11      |
|------------------------------------------------------------------------------------------------------------------------------------------------------------------------------------------------------------------------------------------------------------------------------------------------|------------------------|-------------------|---------|
| u_fft_wrapper/use_pipeline.u_pipeline_core/inst_r22_dif_group[3].u_r22_dif_group/bf2_en.u_r22_bf2/use_multiplex_as.u_r22bf_as_multi/u_shift_ram_1/use_distram.u_distram_sreg/latency_larger_than_2.u_distram_sreg/u_distributed_shiftregister/u_distributed_sdpram/mem                         | 16 x 49                |                   |         |
|                                                                                                                                                                                                                                                                                                | 16 x 1                 | GTP_RAM16X1DP     | 49      |
|------------------------------------------------------------------------------------------------------------------------------------------------------------------------------------------------------------------------------------------------------------------------------------------------|------------------------|-------------------|---------|
| u_fft_wrapper/use_pipeline.u_pipeline_core/inst_r22_dif_group[3].u_r22_dif_group/bf2_en.u_r22_bf2/use_multiplex_as.u_r22bf_as_multi/u_shift_ram_2/use_distram.u_distram_sreg/latency_larger_than_2.u_distram_sreg/u_distributed_shiftregister/u_distributed_sdpram/mem                         | 16 x 48                |                   |         |
|                                                                                                                                                                                                                                                                                                | 16 x 1                 | GTP_RAM16X1DP     | 48      |
|------------------------------------------------------------------------------------------------------------------------------------------------------------------------------------------------------------------------------------------------------------------------------------------------|------------------------|-------------------|---------|
| u_fft_wrapper/use_pipeline.u_pipeline_core/inst_r22_dif_group[3].u_r22_dif_group/bf2_en_and_not_the_last_stage.u_r22_mult_by_twiddle/u_fft_comp_round/u_im_round/convegent_rouning.u_din_sign_sreg/latency_larger_than_2.u_distram_sreg/u_distributed_shiftregister/u_distributed_sdpram/mem   | 16 x 1                 |                   |         |
|                                                                                                                                                                                                                                                                                                | 16 x 1                 | GTP_RAM16X1DP     | 1       |
|------------------------------------------------------------------------------------------------------------------------------------------------------------------------------------------------------------------------------------------------------------------------------------------------|------------------------|-------------------|---------|
| u_fft_wrapper/use_pipeline.u_pipeline_core/inst_r22_dif_group[3].u_r22_dif_group/bf2_en_and_not_the_last_stage.u_r22_mult_by_twiddle/u_fft_comp_round/u_re_round/convegent_rouning.u_din_sign_sreg/latency_larger_than_2.u_distram_sreg/u_distributed_shiftregister/u_distributed_sdpram/mem   | 16 x 1                 |                   |         |
|                                                                                                                                                                                                                                                                                                | 16 x 1                 | GTP_RAM16X1DP     | 1       |
|------------------------------------------------------------------------------------------------------------------------------------------------------------------------------------------------------------------------------------------------------------------------------------------------|------------------------|-------------------|---------|
| u_fft_wrapper/use_pipeline.u_pipeline_core/inst_r22_dif_group[3].u_r22_dif_group/bf2_en_and_not_the_last_stage.u_r22_mult_by_twiddle/u_o_user_info_sreg/latency_larger_than_2.u_distram_sreg/u_distributed_shiftregister/u_distributed_sdpram/mem                                              | 16 x 11                |                   |         |
|                                                                                                                                                                                                                                                                                                | 16 x 1                 | GTP_RAM16X1DP     | 11      |
|------------------------------------------------------------------------------------------------------------------------------------------------------------------------------------------------------------------------------------------------------------------------------------------------|------------------------|-------------------|---------|
| u_fft_wrapper/use_pipeline.u_pipeline_core/inst_r22_dif_group[3].u_r22_dif_group/u_r22_bf1/use_multiplex_as.u_r22bf_as_multi/u_o_user_info_sreg/latency_larger_than_2.u_distram_sreg/u_distributed_shiftregister/u_distributed_sdpram/mem                                                      | 16 x 11                |                   |         |
|                                                                                                                                                                                                                                                                                                | 16 x 1                 | GTP_RAM16X1DP     | 11      |
|------------------------------------------------------------------------------------------------------------------------------------------------------------------------------------------------------------------------------------------------------------------------------------------------|------------------------|-------------------|---------|
| u_fft_wrapper/use_pipeline.u_pipeline_core/inst_r22_dif_group[3].u_r22_dif_group/u_r22_bf1/use_multiplex_as.u_r22bf_as_multi/u_shift_ram_1/use_distram.u_distram_sreg/latency_larger_than_2.u_distram_sreg/u_distributed_shiftregister/u_distributed_sdpram/mem                                | 16 x 47                |                   |         |
|                                                                                                                                                                                                                                                                                                | 16 x 1                 | GTP_RAM16X1DP     | 47      |
|------------------------------------------------------------------------------------------------------------------------------------------------------------------------------------------------------------------------------------------------------------------------------------------------|------------------------|-------------------|---------|
| u_fft_wrapper/use_pipeline.u_pipeline_core/inst_r22_dif_group[3].u_r22_dif_group/u_r22_bf1/use_multiplex_as.u_r22bf_as_multi/u_shift_ram_2/use_distram.u_distram_sreg/latency_larger_than_2.u_distram_sreg/u_distributed_shiftregister/u_distributed_sdpram/mem                                | 16 x 46                |                   |         |
|                                                                                                                                                                                                                                                                                                | 16 x 1                 | GTP_RAM16X1DP     | 46      |
|------------------------------------------------------------------------------------------------------------------------------------------------------------------------------------------------------------------------------------------------------------------------------------------------|------------------------|-------------------|---------|
| u_fft_wrapper/use_pipeline.u_pipeline_core/inst_r22_dif_group[4].u_r22_dif_group/bf2_en.u_r22_bf2/use_multiplex_as.u_r22bf_as_multi/u_o_user_info_sreg/latency_larger_than_2.u_distram_sreg/u_distributed_shiftregister/u_distributed_sdpram/mem                                               | 16 x 10                |                   |         |
|                                                                                                                                                                                                                                                                                                | 16 x 1                 | GTP_RAM16X1DP     | 10      |
|------------------------------------------------------------------------------------------------------------------------------------------------------------------------------------------------------------------------------------------------------------------------------------------------|------------------------|-------------------|---------|
| u_fft_wrapper/use_pipeline.u_pipeline_core/inst_r22_dif_group[4].u_r22_dif_group/u_r22_bf1/use_multiplex_as.u_r22bf_as_multi/u_o_user_info_sreg/latency_larger_than_2.u_distram_sreg/u_distributed_shiftregister/u_distributed_sdpram/mem                                                      | 16 x 11                |                   |         |
|                                                                                                                                                                                                                                                                                                | 16 x 1                 | GTP_RAM16X1DP     | 11      |
|------------------------------------------------------------------------------------------------------------------------------------------------------------------------------------------------------------------------------------------------------------------------------------------------|------------------------|-------------------|---------|
| u_fft_wrapper/use_pipeline.u_pipeline_core/output_process_en.u_output_process/natual_output_without_bfp.u_index_new_p1_sreg/latency_larger_than_2.u_distram_sreg/u_distributed_shiftregister/u_distributed_sdpram/mem                                                                          | 16 x 10                |                   |         |
|                                                                                                                                                                                                                                                                                                | 16 x 1                 | GTP_RAM16X1DP     | 10      |
|------------------------------------------------------------------------------------------------------------------------------------------------------------------------------------------------------------------------------------------------------------------------------------------------|------------------------|-------------------|---------|

|-----------------------------------------------------------------------------------------------------------------------------------------------------------------------------------------------------|------------------------|-------------------|-------------------|-------------------|-------------------|
| Inst Name                                                                                                                                                                                           | Size (Depth x Width)   | Write_Mode_A      | Write_Mode_B      | Ram_Mode          | Primitives        |
|-----------------------------------------------------------------------------------------------------------------------------------------------------------------------------------------------------|------------------------|-------------------|-------------------|-------------------|-------------------|
| u_fft_frame_chk/check_data_en.u_ifft_exp_rom/exp_re_rom_concat_4                                                                                                                                    | 1 K x 108              |                   |                   |                   |                   |
|                                              exp_re_rom_concat_4_4                                                                                                                                  | 1 K x 18               | NORMAL_WRITE      | /                 | SINGLE_PORT       | GTP_DRM18K        |
|                                              exp_re_rom_concat_4_5                                                                                                                                  | 1 K x 18               | NORMAL_WRITE      | /                 | SINGLE_PORT       | GTP_DRM18K        |
|                                              exp_re_rom_concat_4_0                                                                                                                                  | 1 K x 18               | NORMAL_WRITE      | /                 | SINGLE_PORT       | GTP_DRM18K        |
|                                              exp_re_rom_concat_4_1                                                                                                                                  | 1 K x 18               | NORMAL_WRITE      | /                 | SINGLE_PORT       | GTP_DRM18K        |
|                                              exp_re_rom_concat_4_2                                                                                                                                  | 1 K x 18               | NORMAL_WRITE      | /                 | SINGLE_PORT       | GTP_DRM18K        |
|                                              exp_re_rom_concat_4_3                                                                                                                                  | 1 K x 18               | NORMAL_WRITE      | /                 | SINGLE_PORT       | GTP_DRM18K        |
|-----------------------------------------------------------------------------------------------------------------------------------------------------------------------------------------------------|------------------------|-------------------|-------------------|-------------------|-------------------|
| u_fft_wrapper/use_pipeline.u_pipeline_core/inst_r22_dif_group[0].u_r22_dif_group/bf2_en_and_not_the_last_stage.u_r22_mult_by_twiddle/u_twiddle_gen/u_sin_rom/use_drm.u_sin_drm_rom/sin_rom_used_2   | 256 x 15               |                   |                   |                   |                   |
|                                                                                                                                                                                    sin_rom_used_2   | 256 x 15               | NORMAL_WRITE      | /                 | SINGLE_PORT       | GTP_DRM9K         |
|-----------------------------------------------------------------------------------------------------------------------------------------------------------------------------------------------------|------------------------|-------------------|-------------------|-------------------|-------------------|
| u_fft_wrapper/use_pipeline.u_pipeline_core/inst_r22_dif_group[0].u_r22_dif_group/bf2_en_and_not_the_last_stage.u_r22_mult_by_twiddle/u_twiddle_gen/u_sin_rom/use_drm.u_sin_drm_rom/sin_rom_used_3   | 256 x 15               |                   |                   |                   |                   |
|                                                                                                                                                                                    sin_rom_used_3   | 256 x 15               | NORMAL_WRITE      | /                 | SINGLE_PORT       | GTP_DRM9K         |
|-----------------------------------------------------------------------------------------------------------------------------------------------------------------------------------------------------|------------------------|-------------------|-------------------|-------------------|-------------------|

-------------------------------------------------------------------------------------------------------------------------------------------------------------------------------------------------------------------------------------------------------------------------------------------------------------------------------------------------------------------------------------------------------------------------

