#Build: Fabric Compiler 2022.2-SP1-Lite, Build 132640, Aug 18 15:12 2023
#Install: E:\pango\PDS_2022.2-SP1-Lite\bin
#Application name: pds_shell.exe
#OS: Windows 10 10.0.22631
#Hostname: YLJ
Generated by Fabric Compiler (version 2022.2-SP1-Lite build 132640) at Sun Nov  3 00:39:14 2024
Compiling verification operator library.
Compiling common defs.
Compiling prim grid devices.
Compiling gate devices.
Compiling gate operators.
Building architecture model.
Loading device packaging model.
pnr strategy configuration : 
strategy name : 0
Building architecture floorplan logic view.
Constraint check start.
Executing : def_port {o_chk_finished} LOC=D3 VCCIO=3.3 IOSTANDARD=LVCMOS33 DRIVE=4 SLEW=SLOW
Executing : def_port {o_chk_finished} LOC=D3 VCCIO=3.3 IOSTANDARD=LVCMOS33 DRIVE=4 SLEW=SLOW successfully
Executing : def_port {o_err} LOC=D4 VCCIO=3.3 IOSTANDARD=LVCMOS33 DRIVE=4 SLEW=SLOW
Executing : def_port {o_err} LOC=D4 VCCIO=3.3 IOSTANDARD=LVCMOS33 DRIVE=4 SLEW=SLOW successfully
Executing : def_port {i_clk} LOC=M3 VCCIO=3.3 IOSTANDARD=LVCMOS33
Executing : def_port {i_clk} LOC=M3 VCCIO=3.3 IOSTANDARD=LVCMOS33 successfully
Executing : def_port {i_rstn} LOC=AB15 VCCIO=3.3 IOSTANDARD=LVCMOS33
Executing : def_port {i_rstn} LOC=AB15 VCCIO=3.3 IOSTANDARD=LVCMOS33 successfully
Executing : def_port {i_start_test} LOC=Y15 VCCIO=3.3 IOSTANDARD=LVCMOS33
Executing : def_port {i_start_test} LOC=Y15 VCCIO=3.3 IOSTANDARD=LVCMOS33 successfully
Constraint check end.
I: Column Clock Check open.
Read Column Clock Map.

Placement started.
Phase 1 Pre global placement started.
I: Infer CARRY group, base inst: u_fft_wrapper/use_pipeline.u_pipeline_core/inst_r22_dif_group[0].u_r22_dif_group/bf2_en.u_r22_bf2/use_parallel_as.u_r22bf_as_paral/inst_shift_ram.u_shift_ram/use_drm.u_drm_sreg/u_drm_sdpram/u_drm_sdpram_9k/u_drm_sdpram_9k/ADDR_LOOP[0].DATA_LOOP[0].U_GTP_DRM9K/iGopDrm, insts:2.
I: Infer CARRY group, base inst: u_fft_wrapper/use_pipeline.u_pipeline_core/inst_r22_dif_group[0].u_r22_dif_group/bf2_en_and_not_the_last_stage.u_r22_mult_by_twiddle/u_twiddle_gen/u_sin_rom/use_drm.u_sin_drm_rom/sin_rom_used_3/iGopDrm, insts:2.
I: Infer CARRY group, base inst: u_fft_wrapper/use_pipeline.u_pipeline_core/inst_r22_dif_group[0].u_r22_dif_group/u_r22_bf1/use_parallel_as.u_r22bf_as_paral/inst_shift_ram.u_shift_ram/use_drm.u_drm_sreg/u_drm_sdpram/u_drm_sdpram_9k/u_drm_sdpram_9k/ADDR_LOOP[0].DATA_LOOP[1].U_GTP_DRM9K/iGopDrm, insts:2.
I: Infer CARRY group, base inst: u_fft_wrapper/use_pipeline.u_pipeline_core/inst_r22_dif_group[1].u_r22_dif_group/u_r22_bf1/use_parallel_as.u_r22bf_as_paral/inst_shift_ram.u_shift_ram/use_drm.u_drm_sreg/u_drm_sdpram/u_drm_sdpram_9k/u_drm_sdpram_9k/ADDR_LOOP[0].DATA_LOOP[1].U_GTP_DRM9K/iGopDrm, insts:2.
I: Infer CARRY group, base inst: u_fft_wrapper/use_pipeline.u_pipeline_core/output_process_en.u_output_process/u_sdpram/use_drm.u_drm_sdpram/u_drm_sdpram_9k/u_drm_sdpram_9k/ADDR_LOOP[0].DATA_LOOP[1].U_GTP_DRM9K/iGopDrm, insts:2.
I: Infer CARRY group, base inst: u_fft_wrapper/use_pipeline.u_pipeline_core/output_process_en.u_output_process/u_sdpram/use_drm.u_drm_sdpram/u_drm_sdpram_9k/u_drm_sdpram_9k/ADDR_LOOP[0].DATA_LOOP[3].U_GTP_DRM9K/iGopDrm, insts:2.
Phase 1.1 1st GP placement started.
Design Utilization : 9%.
First map gop timing takes 0.64 sec
Worst slack after clock region global placement is -762
Wirelength after clock region global placement is 77249.
1st GP placement takes 3.52 sec.

Phase 1.2 Clock placement started.
Mapping instance clkbufg_0/gopclkbufg to USCM_84_108.
Clock placement takes 0.12 sec.

Pre global placement takes 3.98 sec.

Phase 2 Global placement started.
Phase 2.1 Fixed placement started.
Placed fixed group with base inst i_clk_ibuf/opit_1 on IOL_7_217.
Placed fixed group with base inst i_rstn_ibuf/opit_1 on IOL_191_5.
Placed fixed group with base inst i_start_test_ibuf/opit_1 on IOL_191_6.
Placed fixed group with base inst o_chk_finished_obuf/opit_1 on IOL_11_373.
Placed fixed group with base inst o_err_obuf/opit_1 on IOL_15_374.
Placed fixed instance clkbufg_0/gopclkbufg on USCM_84_108.
Placed fixed instance BKCL_auto_0 on BKCL_188_376.
Placed fixed instance BKCL_auto_1 on BKCL_192_0.
Placed fixed instance BKCL_auto_2 on BKCL_0_184.
Fixed placement takes 0.12 sec.

Phase 2.2 Process placement started.
Process placement takes 0.00 sec.

Phase 2.3 IO placement started.
IO placement takes 0.06 sec.

Phase 2.4 2nd GP placement started.
Run super clustering :
	Initial slack -1703.
	3 iterations finished.
	Final slack -762.
Super clustering done.
Design Utilization : 9%.
Worst slack after global placement is -1424
2nd GP placement takes 2.09 sec.

Wirelength after global placement is 60090.
Global placement takes 2.28 sec.

Phase 3 Post global placement started.
Phase 3.1 Macro cell placement started.
I: Process macros using "Greedy".
Wirelength after macro cell placement is 149885.
Macro cell placement takes 0.05 sec.

Phase 3.2 3rd GP placement started.
Run super clustering :
	Initial slack -1703.
	3 iterations finished.
	Final slack -762.
Super clustering done.
Design Utilization : 9%.
Worst slack after post global placement is -1678
3rd GP placement takes 1.59 sec.

Wirelength after post global placement is 98177.
Post global placement takes 1.64 sec.

Phase 4 Legalization started.
The average distance in LP is 0.419526.
Wirelength after legalization is 104438.
Legalization takes 0.19 sec.

Phase 5 Timing-driven detailed placement started.
Phase 5.1 Replication placement started.
Worst slack before Replication Place is 569.
Replication placement takes 0.14 sec.

Wirelength after replication placement is 104438.
Phase 5.2 DP placement started.
Legalized cost 569.000000.
The detailed placement ends at 11th iteration.
DP placement takes 1.38 sec.

Wirelength after detailed placement is 104438.
Timing-driven detailed placement takes 1.52 sec.

Worst slack is 569, TNS after placement is 0.
Placement done.
Total placement takes 11.52 sec.
Finished placement.

Routing started.
Building routing graph takes 1.12 sec.
Worst slack is 569, TNS before global route is 0.
Processing design graph takes 0.45 sec.
Total memory for routing:
	120.204859 M.
Total nets for routing : 10636.
Rcf routing step 1 processed 0 nets, it takes 0.00 sec.
Rcf routing step 2 processed 0 nets, it takes 0.00 sec.
Rcf routing step 3 processed 0 nets, it takes 0.00 sec.
Unrouted nets 0 at the end of iteration 0.
Global Routing step 1 processed 96 nets, it takes 0.03 sec.
Unrouted nets 12 at the end of iteration 0.
Unrouted nets 7 at the end of iteration 1.
Unrouted nets 2 at the end of iteration 2.
Unrouted nets 5 at the end of iteration 3.
Unrouted nets 2 at the end of iteration 4.
Unrouted nets 0 at the end of iteration 5.
Global Routing step 2 processed 1088 nets, it takes 0.03 sec.
Unrouted nets 266 at the end of iteration 0.
Unrouted nets 153 at the end of iteration 1.
Unrouted nets 93 at the end of iteration 2.
Unrouted nets 51 at the end of iteration 3.
Unrouted nets 42 at the end of iteration 4.
Unrouted nets 33 at the end of iteration 5.
Unrouted nets 27 at the end of iteration 6.
Unrouted nets 11 at the end of iteration 7.
Unrouted nets 13 at the end of iteration 8.
Unrouted nets 14 at the end of iteration 9.
Unrouted nets 7 at the end of iteration 10.
Unrouted nets 3 at the end of iteration 11.
Unrouted nets 3 at the end of iteration 12.
Unrouted nets 3 at the end of iteration 13.
Unrouted nets 3 at the end of iteration 14.
Unrouted nets 3 at the end of iteration 15.
Unrouted nets 3 at the end of iteration 16.
Unrouted nets 3 at the end of iteration 17.
Unrouted nets 3 at the end of iteration 18.
Unrouted nets 3 at the end of iteration 19.
Unrouted nets 3 at the end of iteration 20.
Unrouted nets 3 at the end of iteration 21.
Unrouted nets 4 at the end of iteration 22.
Unrouted nets 2 at the end of iteration 23.
Unrouted nets 2 at the end of iteration 24.
Unrouted nets 3 at the end of iteration 25.
Unrouted nets 1 at the end of iteration 26.
Unrouted nets 1 at the end of iteration 27.
Unrouted nets 2 at the end of iteration 28.
Unrouted nets 0 at the end of iteration 29.
Global Routing step 3 processed 581 nets, it takes 1.33 sec.
Global routing takes 1.39 sec.
Total 11860 subnets.
    forward max bucket size 1660 , backward 400.
        Unrouted nets 6596 at the end of iteration 0.
    route iteration 0, CPU time elapsed 1.156250 sec.
    forward max bucket size 315 , backward 352.
        Unrouted nets 5279 at the end of iteration 1.
    route iteration 1, CPU time elapsed 0.531250 sec.
    forward max bucket size 261 , backward 488.
        Unrouted nets 4262 at the end of iteration 2.
    route iteration 2, CPU time elapsed 0.468750 sec.
    forward max bucket size 354 , backward 399.
        Unrouted nets 3558 at the end of iteration 3.
    route iteration 3, CPU time elapsed 0.453125 sec.
    forward max bucket size 309 , backward 299.
        Unrouted nets 2746 at the end of iteration 4.
    route iteration 4, CPU time elapsed 0.375000 sec.
    forward max bucket size 323 , backward 300.
        Unrouted nets 2206 at the end of iteration 5.
    route iteration 5, CPU time elapsed 0.296875 sec.
    forward max bucket size 314 , backward 299.
        Unrouted nets 1691 at the end of iteration 6.
    route iteration 6, CPU time elapsed 0.250000 sec.
    forward max bucket size 306 , backward 239.
        Unrouted nets 1386 at the end of iteration 7.
    route iteration 7, CPU time elapsed 0.218750 sec.
    forward max bucket size 239 , backward 266.
        Unrouted nets 1112 at the end of iteration 8.
    route iteration 8, CPU time elapsed 0.203125 sec.
    forward max bucket size 386 , backward 623.
        Unrouted nets 886 at the end of iteration 9.
    route iteration 9, CPU time elapsed 0.109375 sec.
    forward max bucket size 248 , backward 376.
        Unrouted nets 725 at the end of iteration 10.
    route iteration 10, CPU time elapsed 0.109375 sec.
    forward max bucket size 379 , backward 260.
        Unrouted nets 599 at the end of iteration 11.
    route iteration 11, CPU time elapsed 0.125000 sec.
    forward max bucket size 162 , backward 191.
        Unrouted nets 485 at the end of iteration 12.
    route iteration 12, CPU time elapsed 0.093750 sec.
    forward max bucket size 162 , backward 169.
        Unrouted nets 394 at the end of iteration 13.
    route iteration 13, CPU time elapsed 0.093750 sec.
    forward max bucket size 182 , backward 203.
        Unrouted nets 302 at the end of iteration 14.
    route iteration 14, CPU time elapsed 0.078125 sec.
    forward max bucket size 188 , backward 171.
        Unrouted nets 252 at the end of iteration 15.
    route iteration 15, CPU time elapsed 0.078125 sec.
    forward max bucket size 198 , backward 151.
        Unrouted nets 184 at the end of iteration 16.
    route iteration 16, CPU time elapsed 0.046875 sec.
    forward max bucket size 144 , backward 172.
        Unrouted nets 172 at the end of iteration 17.
    route iteration 17, CPU time elapsed 0.062500 sec.
    forward max bucket size 147 , backward 164.
        Unrouted nets 165 at the end of iteration 18.
    route iteration 18, CPU time elapsed 0.015625 sec.
    forward max bucket size 112 , backward 122.
        Unrouted nets 118 at the end of iteration 19.
    route iteration 19, CPU time elapsed 0.046875 sec.
    forward max bucket size 127 , backward 101.
        Unrouted nets 91 at the end of iteration 20.
    route iteration 20, CPU time elapsed 0.000000 sec.
    forward max bucket size 150 , backward 119.
        Unrouted nets 67 at the end of iteration 21.
    route iteration 21, CPU time elapsed 0.046875 sec.
    forward max bucket size 93 , backward 136.
        Unrouted nets 60 at the end of iteration 22.
    route iteration 22, CPU time elapsed 0.015625 sec.
    forward max bucket size 156 , backward 131.
        Unrouted nets 52 at the end of iteration 23.
    route iteration 23, CPU time elapsed 0.046875 sec.
    forward max bucket size 156 , backward 165.
        Unrouted nets 41 at the end of iteration 24.
    route iteration 24, CPU time elapsed 0.046875 sec.
    forward max bucket size 156 , backward 50.
        Unrouted nets 35 at the end of iteration 25.
    route iteration 25, CPU time elapsed 0.000000 sec.
    forward max bucket size 156 , backward 292.
        Unrouted nets 33 at the end of iteration 26.
    route iteration 26, CPU time elapsed 0.046875 sec.
    forward max bucket size 153 , backward 81.
        Unrouted nets 19 at the end of iteration 27.
    route iteration 27, CPU time elapsed 0.031250 sec.
    forward max bucket size 131 , backward 62.
        Unrouted nets 15 at the end of iteration 28.
    route iteration 28, CPU time elapsed 0.015625 sec.
    forward max bucket size 131 , backward 69.
        Unrouted nets 10 at the end of iteration 29.
    route iteration 29, CPU time elapsed 0.046875 sec.
    forward max bucket size 87 , backward 471.
        Unrouted nets 14 at the end of iteration 30.
    route iteration 30, CPU time elapsed 0.031250 sec.
    forward max bucket size 109 , backward 62.
        Unrouted nets 10 at the end of iteration 31.
    route iteration 31, CPU time elapsed 0.031250 sec.
    forward max bucket size 103 , backward 47.
        Unrouted nets 11 at the end of iteration 32.
    route iteration 32, CPU time elapsed 0.000000 sec.
    forward max bucket size 63 , backward 44.
        Unrouted nets 10 at the end of iteration 33.
    route iteration 33, CPU time elapsed 0.015625 sec.
    forward max bucket size 67 , backward 59.
        Unrouted nets 8 at the end of iteration 34.
    route iteration 34, CPU time elapsed 0.031250 sec.
    forward max bucket size 26 , backward 15.
        Unrouted nets 8 at the end of iteration 35.
    route iteration 35, CPU time elapsed 0.031250 sec.
    forward max bucket size 33 , backward 13.
        Unrouted nets 4 at the end of iteration 36.
    route iteration 36, CPU time elapsed 0.015625 sec.
    forward max bucket size 14 , backward 6.
        Unrouted nets 4 at the end of iteration 37.
    route iteration 37, CPU time elapsed 0.031250 sec.
    forward max bucket size 13 , backward 9.
        Unrouted nets 2 at the end of iteration 38.
    route iteration 38, CPU time elapsed 0.031250 sec.
    forward max bucket size 18 , backward 10.
        Unrouted nets 2 at the end of iteration 39.
    route iteration 39, CPU time elapsed 0.000000 sec.
    forward max bucket size 13 , backward 5.
        Unrouted nets 2 at the end of iteration 40.
    route iteration 40, CPU time elapsed 0.046875 sec.
    forward max bucket size 13 , backward 5.
        Unrouted nets 3 at the end of iteration 41.
    route iteration 41, CPU time elapsed 0.031250 sec.
    forward max bucket size 13 , backward 11.
        Unrouted nets 0 at the end of iteration 42.
    route iteration 42, CPU time elapsed 0.046875 sec.
Detailed routing takes 42 iterations
Detailed routing takes 5.70 sec.
Start fix hold violation.
Build tmp routing results takes 0.11 sec.
Timing analysis takes 0.11 sec.
Hold violation fix iter 0 takes 0.06 sec, total_step_forward 2736.
Incremental timing analysis takes 0.08 sec.
Hold violation fix iter 1 takes 0.02 sec, total_step_forward 13.
Incremental timing analysis takes 0.05 sec.
Hold violation fix iter 2 takes 0.00 sec, total_step_forward 0.
Hold Violation Fix in router takes 3 iterations.
Fix hold violation Finished.
Hold Violation Fix in router takes 1.08 sec.

Dispose routing result:
    Collect routing result.
    Delete unused device instances.
    Annotate routing result.
    Change LUT configuration.
    Dispose misc instances.
    Annotate routing result again.
Finish routing takes 0.23 sec.
No timing paths have hold violation.
Hold fix iterated 1 times
Hold violation fix takes 0.67 sec.
Used SRB routing arc is 78006.
Cleanup routing takes 0.00 sec.
Routing done.
Total routing takes 11.20 sec.


Device Utilization Summary :
+---------------------------------------------------------------------------+
| Logic Utilization        | Used     | Available     | Utilization(%)     
+---------------------------------------------------------------------------+
| Use of APM               | 74       | 84            | 89                 
| Use of BKCL              | 3        | 4             | 75                 
| Use of CLMA              | 999      | 6450          | 16                 
|   FF                     | 3452     | 38700         | 9                  
|   LUT                    | 2063     | 25800         | 8                  
|   LUT-FF pairs           | 1119     | 25800         | 5                  
| Use of CLMS              | 635      | 4250          | 15                 
|   FF                     | 1482     | 25500         | 6                  
|   LUT                    | 1570     | 17000         | 10                 
|   LUT-FF pairs           | 464      | 17000         | 3                  
|   Distributed RAM        | 614      | 17000         | 4                  
| Use of CRYSTAL           | 0        | 2             | 0                  
| Use of DLL               | 0        | 10            | 0                  
| Use of DQSL              | 0        | 18            | 0                  
| Use of DRM               | 12.5     | 134           | 10                 
| Use of FUSECODE          | 0        | 1             | 0                  
| Use of HARD0N1           | 625      | 6672          | 10                 
| Use of HSST              | 0        | 1             | 0                  
| Use of IO                | 5        | 296           | 2                  
|   IOBD                   | 2        | 64            | 4                  
|   IOBR_LR                | 0        | 7             | 0                  
|   IOBR_TB                | 1        | 8             | 13                 
|   IOBS_LR                | 1        | 161           | 1                  
|   IOBS_TB                | 1        | 56            | 2                  
| Use of IOCKDIV           | 0        | 20            | 0                  
| Use of IOCKDLY           | 0        | 40            | 0                  
| Use of IOCKGATE          | 0        | 20            | 0                  
| Use of IOCKGMUX_TEST     | 0        | 20            | 0                  
| Use of IOL               | 5        | 400           | 2                  
| Use of IPAL              | 0        | 1             | 0                  
| Use of LDO               | 0        | 4             | 0                  
| Use of MFG_TEST          | 0        | 1             | 0                  
| Use of OSC               | 0        | 1             | 0                  
| Use of PCIE              | 0        | 1             | 0                  
| Use of PIOMUX_TEST       | 0        | 10            | 0                  
| Use of PLL               | 0        | 5             | 0                  
| Use of PREGMUX_TEST      | 0        | 6             | 0                  
| Use of RCKB              | 0        | 24            | 0                  
|  RCKB dataused           | 0        | 24            | 0                  
| Use of RCKBMUX_TEST      | 0        | 12            | 0                  
| Use of RESCAL            | 0        | 4             | 0                  
| Use of SCANCHAIN         | 0        | 2             | 0                  
| Use of START             | 1        | 1             | 100                
| Use of UDID              | 0        | 1             | 0                  
| Use of USCM              | 1        | 30            | 4                  
|  USCM dataused           | 0        | 30            | 0                  
| Use of USCMMUX_TEST      | 0        | 30            | 0                  
| Use of VCKBMUX_TEST      | 0        | 12            | 0                  
+---------------------------------------------------------------------------+

Finished routing.
Design 'ipsxe_fft_onboard_top' has been placed and routed successfully.
Saving design to DB.
Finished placement and routing.
Action pnr: Real time elapsed is 0h:0m:47s
Action pnr: CPU time elapsed is 0h:0m:40s
Action pnr: Process CPU time elapsed is 0h:0m:48s
Current time: Sun Nov  3 00:39:59 2024
Action pnr: Peak memory pool usage is 1,219 MB
