#Build: Fabric Compiler 2022.2-SP1-Lite, Build 132640, Aug 18 15:12 2023
#Install: E:\pango\PDS_2022.2-SP1-Lite\bin
#Application name: pds_shell.exe
#OS: Windows 10 10.0.22631
#Hostname: YLJ
Generated by Fabric Compiler (version 2022.2-SP1-Lite build 132640) at Sun Nov 10 22:46:01 2024
Compiling verification operator library.
Compiling common defs.
Compiling prim grid devices.
Compiling gate devices.
Compiling gate operators.
Building architecture model.
Loading device packaging model.
Reading design from DB.
Start Generating Programming File...
Reading design from DB takes 2.640625 sec.
Generating architecture configuration.
The bitstream file is "C:/Users/14861/Desktop/nwe_11.9ws/test2/HDMI_card/ddr3_ov5640_hdmi/generate_bitstream/top.sbit"
Generate programming file takes 15.609375 sec.
Generating Programming File done.
Action gen_bit_stream: Real time elapsed is 0h:0m:23s
Action gen_bit_stream: CPU time elapsed is 0h:0m:22s
Action gen_bit_stream: Process CPU time elapsed is 0h:0m:22s
Current time: Sun Nov 10 22:46:21 2024
Action gen_bit_stream: Peak memory pool usage is 919 MB
