#Build: Fabric Compiler 2022.2-SP1-Lite, Build 132640, Aug 18 15:12 2023
#Install: E:\pango\PDS_2022.2-SP1-Lite\bin
#Application name: pds_shell.exe
#OS: Windows 10 10.0.22631
#Hostname: YLJ
Generated by Fabric Compiler (version 2022.2-SP1-Lite build 132640) at Sun Nov  3 00:40:02 2024
Compiling verification operator library.
Compiling common defs.
Compiling prim grid devices.
Compiling gate devices.
Compiling gate operators.
Building architecture model.
Loading device packaging model.
Reading design from pnr DB.
Start Report Post-PnR timing.
Constructing timing graph ...
Timing graph has been constructed successfully
W: Timing-4087: Port 'o_chk_finished' is not constrained, it is treated as combinational output.
W: Timing-4087: Port 'o_err' is not constrained, it is treated as combinational output.
W: Timing-4086: Port 'i_rstn' is not constrained, it is treated as combinational input.
W: Timing-4086: Port 'i_start_test' is not constrained, it is treated as combinational input.
Report timing is finished successfully.
Action report_timing: Real time elapsed is 0h:0m:11s
Action report_timing: CPU time elapsed is 0h:0m:10s
Action report_timing: Process CPU time elapsed is 0h:0m:11s
Current time: Sun Nov  3 00:40:11 2024
Action report_timing: Peak memory pool usage is 1,029 MB
